2014-03-04 15:56:39,714 [Worker-14] INFO  o.e.m.c.i.l.LifecycleMappingFactory - Using org.eclipse.m2e.jdt.JarLifecycleMapping lifecycle mapping for MavenProject: Hibernate:HibernateTest1:0.0.1-SNAPSHOT @ D:\LABS\JAVA_LABS\Hibernate\HibernateTest1\pom.xml.
2014-03-04 15:56:40,434 [Worker-14] INFO  o.e.m.j.i.AbstractJavaProjectConfigurator - Adding source folder /HibernateTest1/src/main/java
2014-03-04 15:56:40,435 [Worker-14] INFO  o.e.m.j.i.AbstractJavaProjectConfigurator - Adding resource folder /HibernateTest1/src/main/resources
2014-03-04 15:56:40,436 [Worker-14] INFO  o.e.m.j.i.AbstractJavaProjectConfigurator - Adding source folder /HibernateTest1/src/test/java
2014-03-04 15:56:40,437 [Worker-14] INFO  o.e.m.j.i.AbstractJavaProjectConfigurator - Adding resource folder /HibernateTest1/src/test/resources
2014-03-04 15:56:40,440 [Worker-13] INFO  o.e.m.c.i.l.LifecycleMappingFactory - Using org.eclipse.m2e.jdt.JarLifecycleMapping lifecycle mapping for MavenProject: Hibernate:HibernateTest1:0.0.1-SNAPSHOT @ D:\LABS\JAVA_LABS\Hibernate\HibernateTest1\pom.xml.
2014-03-04 15:56:41,138 [Worker-14] INFO  o.e.m.c.i.l.LifecycleMappingFactory - Using org.eclipse.m2e.jdt.JarLifecycleMapping lifecycle mapping for MavenProject: Hibernate:HibernateTest1:0.0.1-SNAPSHOT @ D:\LABS\JAVA_LABS\Hibernate\HibernateTest1\pom.xml.
2014-03-04 15:56:41,205 [Worker-14] WARN  o.e.m.c.i.embedder.EclipseLogger - Using platform encoding (Cp1252 actually) to copy filtered resources, i.e. build is platform dependent!
2014-03-04 15:56:41,210 [Worker-14] INFO  o.e.m.c.i.embedder.EclipseLogger - Copying 0 resource
2014-03-04 15:56:41,213 [Worker-14] WARN  o.e.m.c.i.embedder.EclipseLogger - Using platform encoding (Cp1252 actually) to copy filtered resources, i.e. build is platform dependent!
2014-03-04 15:56:41,214 [Worker-14] INFO  o.e.m.c.i.embedder.EclipseLogger - Copying 0 resource
2014-03-04 15:57:41,243 [Worker-12] INFO  o.e.m.c.i.l.LifecycleMappingFactory - Using org.eclipse.m2e.jdt.JarLifecycleMapping lifecycle mapping for MavenProject: Hibernate:HibernateTest1:0.0.1-SNAPSHOT @ D:\LABS\JAVA_LABS\Hibernate\HibernateTest1\pom.xml.
2014-03-04 15:57:41,409 [Worker-12] WARN  o.e.m.c.i.embedder.EclipseLogger - Using platform encoding (Cp1252 actually) to copy filtered resources, i.e. build is platform dependent!
2014-03-04 15:57:41,411 [Worker-12] INFO  o.e.m.c.i.embedder.EclipseLogger - Copying 0 resource
2014-03-04 15:57:41,412 [Worker-12] WARN  o.e.m.c.i.embedder.EclipseLogger - Using platform encoding (Cp1252 actually) to copy filtered resources, i.e. build is platform dependent!
2014-03-04 15:57:41,413 [Worker-12] INFO  o.e.m.c.i.embedder.EclipseLogger - Copying 0 resource
2014-03-04 15:57:42,622 [Worker-11] WARN  o.e.m.c.i.embedder.EclipseLogger - Using platform encoding (Cp1252 actually) to copy filtered resources, i.e. build is platform dependent!
2014-03-04 15:57:42,627 [Worker-11] INFO  o.e.m.c.i.embedder.EclipseLogger - Copying 0 resource
2014-03-04 15:57:42,630 [Worker-11] WARN  o.e.m.c.i.embedder.EclipseLogger - Using platform encoding (Cp1252 actually) to copy filtered resources, i.e. build is platform dependent!
2014-03-04 15:57:42,631 [Worker-11] INFO  o.e.m.c.i.embedder.EclipseLogger - Copying 0 resource
2014-03-04 15:59:22,635 [Worker-5] WARN  o.e.m.c.i.embedder.EclipseLogger - Using platform encoding (Cp1252 actually) to copy filtered resources, i.e. build is platform dependent!
2014-03-04 15:59:22,637 [Worker-5] INFO  o.e.m.c.i.embedder.EclipseLogger - Copying 0 resource
2014-03-04 15:59:22,638 [Worker-5] WARN  o.e.m.c.i.embedder.EclipseLogger - Using platform encoding (Cp1252 actually) to copy filtered resources, i.e. build is platform dependent!
2014-03-04 15:59:22,639 [Worker-5] INFO  o.e.m.c.i.embedder.EclipseLogger - Copying 0 resource
2014-03-04 16:00:06,782 [Worker-7] WARN  o.e.m.c.i.embedder.EclipseLogger - Using platform encoding (Cp1252 actually) to copy filtered resources, i.e. build is platform dependent!
2014-03-04 16:00:06,786 [Worker-7] INFO  o.e.m.c.i.embedder.EclipseLogger - Copying 0 resource
2014-03-04 16:00:06,789 [Worker-7] WARN  o.e.m.c.i.embedder.EclipseLogger - Using platform encoding (Cp1252 actually) to copy filtered resources, i.e. build is platform dependent!
2014-03-04 16:00:06,789 [Worker-7] INFO  o.e.m.c.i.embedder.EclipseLogger - Copying 0 resource
2014-03-04 16:01:06,257 [Worker-7] WARN  o.e.m.c.i.embedder.EclipseLogger - Using platform encoding (Cp1252 actually) to copy filtered resources, i.e. build is platform dependent!
2014-03-04 16:01:06,259 [Worker-7] INFO  o.e.m.c.i.embedder.EclipseLogger - Copying 0 resource
2014-03-04 16:01:06,261 [Worker-7] WARN  o.e.m.c.i.embedder.EclipseLogger - Using platform encoding (Cp1252 actually) to copy filtered resources, i.e. build is platform dependent!
2014-03-04 16:01:06,261 [Worker-7] INFO  o.e.m.c.i.embedder.EclipseLogger - Copying 0 resource
2014-03-04 16:01:31,700 [Worker-3] WARN  o.e.m.c.i.embedder.EclipseLogger - Using platform encoding (Cp1252 actually) to copy filtered resources, i.e. build is platform dependent!
2014-03-04 16:01:31,703 [Worker-3] INFO  o.e.m.c.i.embedder.EclipseLogger - Copying 0 resource
2014-03-04 16:01:31,705 [Worker-3] WARN  o.e.m.c.i.embedder.EclipseLogger - Using platform encoding (Cp1252 actually) to copy filtered resources, i.e. build is platform dependent!
2014-03-04 16:01:31,706 [Worker-3] INFO  o.e.m.c.i.embedder.EclipseLogger - Copying 0 resource
2014-03-04 16:02:06,376 [Worker-7] WARN  o.e.m.c.i.embedder.EclipseLogger - Using platform encoding (Cp1252 actually) to copy filtered resources, i.e. build is platform dependent!
2014-03-04 16:02:06,379 [Worker-7] INFO  o.e.m.c.i.embedder.EclipseLogger - Copying 0 resource
2014-03-04 16:02:06,384 [Worker-7] WARN  o.e.m.c.i.embedder.EclipseLogger - Using platform encoding (Cp1252 actually) to copy filtered resources, i.e. build is platform dependent!
2014-03-04 16:02:06,385 [Worker-7] INFO  o.e.m.c.i.embedder.EclipseLogger - Copying 0 resource
2014-03-04 16:03:16,239 [Worker-1] WARN  o.e.m.c.i.embedder.EclipseLogger - Using platform encoding (Cp1252 actually) to copy filtered resources, i.e. build is platform dependent!
2014-03-04 16:03:16,241 [Worker-1] INFO  o.e.m.c.i.embedder.EclipseLogger - Copying 0 resource
2014-03-04 16:03:16,243 [Worker-1] WARN  o.e.m.c.i.embedder.EclipseLogger - Using platform encoding (Cp1252 actually) to copy filtered resources, i.e. build is platform dependent!
2014-03-04 16:03:16,243 [Worker-1] INFO  o.e.m.c.i.embedder.EclipseLogger - Copying 0 resource
2014-03-04 16:05:29,204 [Worker-1] WARN  o.e.m.c.i.embedder.EclipseLogger - Using platform encoding (Cp1252 actually) to copy filtered resources, i.e. build is platform dependent!
2014-03-04 16:05:29,206 [Worker-1] INFO  o.e.m.c.i.embedder.EclipseLogger - Copying 0 resource
2014-03-04 16:05:29,208 [Worker-1] WARN  o.e.m.c.i.embedder.EclipseLogger - Using platform encoding (Cp1252 actually) to copy filtered resources, i.e. build is platform dependent!
2014-03-04 16:05:29,209 [Worker-1] INFO  o.e.m.c.i.embedder.EclipseLogger - Copying 0 resource
2014-03-04 16:06:42,933 [Worker-3] WARN  o.e.m.c.i.embedder.EclipseLogger - Using platform encoding (Cp1252 actually) to copy filtered resources, i.e. build is platform dependent!
2014-03-04 16:06:42,933 [Worker-3] INFO  o.e.m.c.i.embedder.EclipseLogger - Copying 0 resource
2014-03-04 16:06:42,935 [Worker-3] WARN  o.e.m.c.i.embedder.EclipseLogger - Using platform encoding (Cp1252 actually) to copy filtered resources, i.e. build is platform dependent!
2014-03-04 16:06:42,935 [Worker-3] INFO  o.e.m.c.i.embedder.EclipseLogger - Copying 0 resource
2014-03-04 16:06:48,364 [Worker-7] WARN  o.e.m.c.i.embedder.EclipseLogger - Using platform encoding (Cp1252 actually) to copy filtered resources, i.e. build is platform dependent!
2014-03-04 16:06:48,367 [Worker-7] INFO  o.e.m.c.i.embedder.EclipseLogger - Copying 0 resource
2014-03-04 16:06:48,369 [Worker-7] WARN  o.e.m.c.i.embedder.EclipseLogger - Using platform encoding (Cp1252 actually) to copy filtered resources, i.e. build is platform dependent!
2014-03-04 16:06:48,370 [Worker-7] INFO  o.e.m.c.i.embedder.EclipseLogger - Copying 0 resource
2014-03-04 16:06:51,886 [Worker-4] WARN  o.e.m.c.i.embedder.EclipseLogger - Using platform encoding (Cp1252 actually) to copy filtered resources, i.e. build is platform dependent!
2014-03-04 16:06:51,888 [Worker-4] INFO  o.e.m.c.i.embedder.EclipseLogger - Copying 0 resource
2014-03-04 16:06:51,890 [Worker-4] WARN  o.e.m.c.i.embedder.EclipseLogger - Using platform encoding (Cp1252 actually) to copy filtered resources, i.e. build is platform dependent!
2014-03-04 16:06:51,890 [Worker-4] INFO  o.e.m.c.i.embedder.EclipseLogger - Copying 0 resource
2014-03-04 16:07:20,636 [Worker-7] WARN  o.e.m.c.i.embedder.EclipseLogger - Using platform encoding (Cp1252 actually) to copy filtered resources, i.e. build is platform dependent!
2014-03-04 16:07:20,639 [Worker-7] INFO  o.e.m.c.i.embedder.EclipseLogger - Copying 0 resource
2014-03-04 16:07:20,641 [Worker-7] WARN  o.e.m.c.i.embedder.EclipseLogger - Using platform encoding (Cp1252 actually) to copy filtered resources, i.e. build is platform dependent!
2014-03-04 16:07:20,642 [Worker-7] INFO  o.e.m.c.i.embedder.EclipseLogger - Copying 0 resource
2014-03-04 16:07:25,223 [Worker-7] WARN  o.e.m.c.i.embedder.EclipseLogger - Using platform encoding (Cp1252 actually) to copy filtered resources, i.e. build is platform dependent!
2014-03-04 16:07:25,227 [Worker-7] INFO  o.e.m.c.i.embedder.EclipseLogger - Copying 0 resource
2014-03-04 16:07:25,229 [Worker-7] WARN  o.e.m.c.i.embedder.EclipseLogger - Using platform encoding (Cp1252 actually) to copy filtered resources, i.e. build is platform dependent!
2014-03-04 16:07:25,230 [Worker-7] INFO  o.e.m.c.i.embedder.EclipseLogger - Copying 0 resource
2014-03-04 16:08:47,662 [Worker-11] WARN  o.e.m.c.i.embedder.EclipseLogger - Using platform encoding (Cp1252 actually) to copy filtered resources, i.e. build is platform dependent!
2014-03-04 16:08:47,663 [Worker-11] INFO  o.e.m.c.i.embedder.EclipseLogger - Copying 0 resource
2014-03-04 16:08:47,665 [Worker-11] WARN  o.e.m.c.i.embedder.EclipseLogger - Using platform encoding (Cp1252 actually) to copy filtered resources, i.e. build is platform dependent!
2014-03-04 16:08:47,666 [Worker-11] INFO  o.e.m.c.i.embedder.EclipseLogger - Copying 0 resource
2014-03-04 16:08:49,790 [Worker-19] WARN  o.e.m.c.i.embedder.EclipseLogger - Using platform encoding (Cp1252 actually) to copy filtered resources, i.e. build is platform dependent!
2014-03-04 16:08:49,792 [Worker-19] INFO  o.e.m.c.i.embedder.EclipseLogger - Copying 0 resource
2014-03-04 16:08:49,794 [Worker-19] WARN  o.e.m.c.i.embedder.EclipseLogger - Using platform encoding (Cp1252 actually) to copy filtered resources, i.e. build is platform dependent!
2014-03-04 16:08:49,795 [Worker-19] INFO  o.e.m.c.i.embedder.EclipseLogger - Copying 0 resource
2014-03-04 16:09:56,835 [Worker-11] WARN  o.e.m.c.i.embedder.EclipseLogger - Using platform encoding (Cp1252 actually) to copy filtered resources, i.e. build is platform dependent!
2014-03-04 16:09:56,837 [Worker-11] INFO  o.e.m.c.i.embedder.EclipseLogger - Copying 0 resource
2014-03-04 16:09:56,839 [Worker-11] WARN  o.e.m.c.i.embedder.EclipseLogger - Using platform encoding (Cp1252 actually) to copy filtered resources, i.e. build is platform dependent!
2014-03-04 16:09:56,839 [Worker-11] INFO  o.e.m.c.i.embedder.EclipseLogger - Copying 0 resource
2014-03-04 16:11:16,929 [Worker-7] WARN  o.e.m.c.i.embedder.EclipseLogger - Using platform encoding (Cp1252 actually) to copy filtered resources, i.e. build is platform dependent!
2014-03-04 16:11:16,932 [Worker-7] INFO  o.e.m.c.i.embedder.EclipseLogger - Copying 0 resource
2014-03-04 16:11:16,933 [Worker-7] WARN  o.e.m.c.i.embedder.EclipseLogger - Using platform encoding (Cp1252 actually) to copy filtered resources, i.e. build is platform dependent!
2014-03-04 16:11:16,933 [Worker-7] INFO  o.e.m.c.i.embedder.EclipseLogger - Copying 0 resource
2014-03-04 16:11:22,793 [Worker-11] WARN  o.e.m.c.i.embedder.EclipseLogger - Using platform encoding (Cp1252 actually) to copy filtered resources, i.e. build is platform dependent!
2014-03-04 16:11:22,797 [Worker-11] INFO  o.e.m.c.i.embedder.EclipseLogger - Copying 0 resource
2014-03-04 16:11:22,799 [Worker-11] WARN  o.e.m.c.i.embedder.EclipseLogger - Using platform encoding (Cp1252 actually) to copy filtered resources, i.e. build is platform dependent!
2014-03-04 16:11:22,800 [Worker-11] INFO  o.e.m.c.i.embedder.EclipseLogger - Copying 0 resource
2014-03-04 16:11:55,661 [Worker-7] WARN  o.e.m.c.i.embedder.EclipseLogger - Using platform encoding (Cp1252 actually) to copy filtered resources, i.e. build is platform dependent!
2014-03-04 16:11:55,665 [Worker-7] INFO  o.e.m.c.i.embedder.EclipseLogger - Copying 0 resource
2014-03-04 16:11:55,667 [Worker-7] WARN  o.e.m.c.i.embedder.EclipseLogger - Using platform encoding (Cp1252 actually) to copy filtered resources, i.e. build is platform dependent!
2014-03-04 16:11:55,668 [Worker-7] INFO  o.e.m.c.i.embedder.EclipseLogger - Copying 0 resource
2014-03-04 16:12:07,362 [Worker-17] WARN  o.e.m.c.i.embedder.EclipseLogger - Using platform encoding (Cp1252 actually) to copy filtered resources, i.e. build is platform dependent!
2014-03-04 16:12:07,364 [Worker-17] INFO  o.e.m.c.i.embedder.EclipseLogger - Copying 0 resource
2014-03-04 16:12:07,366 [Worker-17] WARN  o.e.m.c.i.embedder.EclipseLogger - Using platform encoding (Cp1252 actually) to copy filtered resources, i.e. build is platform dependent!
2014-03-04 16:12:07,366 [Worker-17] INFO  o.e.m.c.i.embedder.EclipseLogger - Copying 0 resource
2014-03-04 16:12:19,866 [Worker-1] WARN  o.e.m.c.i.embedder.EclipseLogger - Using platform encoding (Cp1252 actually) to copy filtered resources, i.e. build is platform dependent!
2014-03-04 16:12:19,867 [Worker-1] INFO  o.e.m.c.i.embedder.EclipseLogger - Copying 0 resource
2014-03-04 16:12:19,868 [Worker-1] WARN  o.e.m.c.i.embedder.EclipseLogger - Using platform encoding (Cp1252 actually) to copy filtered resources, i.e. build is platform dependent!
2014-03-04 16:12:19,869 [Worker-1] INFO  o.e.m.c.i.embedder.EclipseLogger - Copying 0 resource
2014-03-04 16:12:51,084 [Worker-11] WARN  o.e.m.c.i.embedder.EclipseLogger - Using platform encoding (Cp1252 actually) to copy filtered resources, i.e. build is platform dependent!
2014-03-04 16:12:51,087 [Worker-11] INFO  o.e.m.c.i.embedder.EclipseLogger - Copying 0 resource
2014-03-04 16:12:51,088 [Worker-11] WARN  o.e.m.c.i.embedder.EclipseLogger - Using platform encoding (Cp1252 actually) to copy filtered resources, i.e. build is platform dependent!
2014-03-04 16:12:51,088 [Worker-11] INFO  o.e.m.c.i.embedder.EclipseLogger - Copying 0 resource
2014-03-04 16:16:18,483 [Worker-22] WARN  o.e.m.c.i.embedder.EclipseLogger - Using platform encoding (Cp1252 actually) to copy filtered resources, i.e. build is platform dependent!
2014-03-04 16:16:18,485 [Worker-22] INFO  o.e.m.c.i.embedder.EclipseLogger - Copying 0 resource
2014-03-04 16:16:18,486 [Worker-22] WARN  o.e.m.c.i.embedder.EclipseLogger - Using platform encoding (Cp1252 actually) to copy filtered resources, i.e. build is platform dependent!
2014-03-04 16:16:18,487 [Worker-22] INFO  o.e.m.c.i.embedder.EclipseLogger - Copying 0 resource
2014-03-04 16:16:21,699 [Worker-7] WARN  o.e.m.c.i.embedder.EclipseLogger - Using platform encoding (Cp1252 actually) to copy filtered resources, i.e. build is platform dependent!
2014-03-04 16:16:21,703 [Worker-7] INFO  o.e.m.c.i.embedder.EclipseLogger - Copying 0 resource
2014-03-04 16:16:21,704 [Worker-7] WARN  o.e.m.c.i.embedder.EclipseLogger - Using platform encoding (Cp1252 actually) to copy filtered resources, i.e. build is platform dependent!
2014-03-04 16:16:21,704 [Worker-7] INFO  o.e.m.c.i.embedder.EclipseLogger - Copying 0 resource
2014-03-04 16:17:10,971 [Worker-24] WARN  o.e.m.c.i.embedder.EclipseLogger - Using platform encoding (Cp1252 actually) to copy filtered resources, i.e. build is platform dependent!
2014-03-04 16:17:10,975 [Worker-24] INFO  o.e.m.c.i.embedder.EclipseLogger - Copying 0 resource
2014-03-04 16:17:10,977 [Worker-24] WARN  o.e.m.c.i.embedder.EclipseLogger - Using platform encoding (Cp1252 actually) to copy filtered resources, i.e. build is platform dependent!
2014-03-04 16:17:10,978 [Worker-24] INFO  o.e.m.c.i.embedder.EclipseLogger - Copying 0 resource
2014-03-04 16:17:14,584 [Worker-22] WARN  o.e.m.c.i.embedder.EclipseLogger - Using platform encoding (Cp1252 actually) to copy filtered resources, i.e. build is platform dependent!
2014-03-04 16:17:14,588 [Worker-22] INFO  o.e.m.c.i.embedder.EclipseLogger - Copying 0 resource
2014-03-04 16:17:14,590 [Worker-22] WARN  o.e.m.c.i.embedder.EclipseLogger - Using platform encoding (Cp1252 actually) to copy filtered resources, i.e. build is platform dependent!
2014-03-04 16:17:14,590 [Worker-22] INFO  o.e.m.c.i.embedder.EclipseLogger - Copying 0 resource
2014-03-04 16:17:19,247 [Worker-22] WARN  o.e.m.c.i.embedder.EclipseLogger - Using platform encoding (Cp1252 actually) to copy filtered resources, i.e. build is platform dependent!
2014-03-04 16:17:19,251 [Worker-22] INFO  o.e.m.c.i.embedder.EclipseLogger - Copying 0 resource
2014-03-04 16:17:19,253 [Worker-22] WARN  o.e.m.c.i.embedder.EclipseLogger - Using platform encoding (Cp1252 actually) to copy filtered resources, i.e. build is platform dependent!
2014-03-04 16:17:19,254 [Worker-22] INFO  o.e.m.c.i.embedder.EclipseLogger - Copying 0 resource
2014-03-04 16:17:20,384 [Worker-22] WARN  o.e.m.c.i.embedder.EclipseLogger - Using platform encoding (Cp1252 actually) to copy filtered resources, i.e. build is platform dependent!
2014-03-04 16:17:20,386 [Worker-22] INFO  o.e.m.c.i.embedder.EclipseLogger - Copying 0 resource
2014-03-04 16:17:20,388 [Worker-22] WARN  o.e.m.c.i.embedder.EclipseLogger - Using platform encoding (Cp1252 actually) to copy filtered resources, i.e. build is platform dependent!
2014-03-04 16:17:20,389 [Worker-22] INFO  o.e.m.c.i.embedder.EclipseLogger - Copying 0 resource
2014-03-04 16:17:36,474 [Worker-17] WARN  o.e.m.c.i.embedder.EclipseLogger - Using platform encoding (Cp1252 actually) to copy filtered resources, i.e. build is platform dependent!
2014-03-04 16:17:36,476 [Worker-17] INFO  o.e.m.c.i.embedder.EclipseLogger - Copying 0 resource
2014-03-04 16:17:36,477 [Worker-17] WARN  o.e.m.c.i.embedder.EclipseLogger - Using platform encoding (Cp1252 actually) to copy filtered resources, i.e. build is platform dependent!
2014-03-04 16:17:36,478 [Worker-17] INFO  o.e.m.c.i.embedder.EclipseLogger - Copying 0 resource
2014-03-04 16:17:45,467 [Worker-17] WARN  o.e.m.c.i.embedder.EclipseLogger - Using platform encoding (Cp1252 actually) to copy filtered resources, i.e. build is platform dependent!
2014-03-04 16:17:45,470 [Worker-17] INFO  o.e.m.c.i.embedder.EclipseLogger - Copying 0 resource
2014-03-04 16:17:45,471 [Worker-17] WARN  o.e.m.c.i.embedder.EclipseLogger - Using platform encoding (Cp1252 actually) to copy filtered resources, i.e. build is platform dependent!
2014-03-04 16:17:45,472 [Worker-17] INFO  o.e.m.c.i.embedder.EclipseLogger - Copying 0 resource
2014-03-04 16:17:48,609 [Worker-22] WARN  o.e.m.c.i.embedder.EclipseLogger - Using platform encoding (Cp1252 actually) to copy filtered resources, i.e. build is platform dependent!
2014-03-04 16:17:48,610 [Worker-22] INFO  o.e.m.c.i.embedder.EclipseLogger - Copying 0 resource
2014-03-04 16:17:48,611 [Worker-22] WARN  o.e.m.c.i.embedder.EclipseLogger - Using platform encoding (Cp1252 actually) to copy filtered resources, i.e. build is platform dependent!
2014-03-04 16:17:48,611 [Worker-22] INFO  o.e.m.c.i.embedder.EclipseLogger - Copying 0 resource
2014-03-04 16:18:40,745 [Worker-11] WARN  o.e.m.c.i.embedder.EclipseLogger - Using platform encoding (Cp1252 actually) to copy filtered resources, i.e. build is platform dependent!
2014-03-04 16:18:40,747 [Worker-11] INFO  o.e.m.c.i.embedder.EclipseLogger - Copying 0 resource
2014-03-04 16:18:40,748 [Worker-11] WARN  o.e.m.c.i.embedder.EclipseLogger - Using platform encoding (Cp1252 actually) to copy filtered resources, i.e. build is platform dependent!
2014-03-04 16:18:40,749 [Worker-11] INFO  o.e.m.c.i.embedder.EclipseLogger - Copying 0 resource
2014-03-04 16:18:53,750 [Worker-25] WARN  o.e.m.c.i.embedder.EclipseLogger - Using platform encoding (Cp1252 actually) to copy filtered resources, i.e. build is platform dependent!
2014-03-04 16:18:53,753 [Worker-25] INFO  o.e.m.c.i.embedder.EclipseLogger - Copying 0 resource
2014-03-04 16:18:53,754 [Worker-25] WARN  o.e.m.c.i.embedder.EclipseLogger - Using platform encoding (Cp1252 actually) to copy filtered resources, i.e. build is platform dependent!
2014-03-04 16:18:53,755 [Worker-25] INFO  o.e.m.c.i.embedder.EclipseLogger - Copying 0 resource
2014-03-04 16:22:28,888 [Worker-22] WARN  o.e.m.c.i.embedder.EclipseLogger - Using platform encoding (Cp1252 actually) to copy filtered resources, i.e. build is platform dependent!
2014-03-04 16:22:28,890 [Worker-22] INFO  o.e.m.c.i.embedder.EclipseLogger - Copying 0 resource
2014-03-04 16:22:28,892 [Worker-22] WARN  o.e.m.c.i.embedder.EclipseLogger - Using platform encoding (Cp1252 actually) to copy filtered resources, i.e. build is platform dependent!
2014-03-04 16:22:28,892 [Worker-22] INFO  o.e.m.c.i.embedder.EclipseLogger - Copying 0 resource
2014-03-04 16:22:33,546 [Worker-29] WARN  o.e.m.c.i.embedder.EclipseLogger - Using platform encoding (Cp1252 actually) to copy filtered resources, i.e. build is platform dependent!
2014-03-04 16:22:33,549 [Worker-29] INFO  o.e.m.c.i.embedder.EclipseLogger - Copying 0 resource
2014-03-04 16:22:33,551 [Worker-29] WARN  o.e.m.c.i.embedder.EclipseLogger - Using platform encoding (Cp1252 actually) to copy filtered resources, i.e. build is platform dependent!
2014-03-04 16:22:33,553 [Worker-29] INFO  o.e.m.c.i.embedder.EclipseLogger - Copying 0 resource
2014-03-04 16:22:47,522 [Worker-29] WARN  o.e.m.c.i.embedder.EclipseLogger - Using platform encoding (Cp1252 actually) to copy filtered resources, i.e. build is platform dependent!
2014-03-04 16:22:47,523 [Worker-29] INFO  o.e.m.c.i.embedder.EclipseLogger - Copying 0 resource
2014-03-04 16:22:47,525 [Worker-29] WARN  o.e.m.c.i.embedder.EclipseLogger - Using platform encoding (Cp1252 actually) to copy filtered resources, i.e. build is platform dependent!
2014-03-04 16:22:47,526 [Worker-29] INFO  o.e.m.c.i.embedder.EclipseLogger - Copying 0 resource
2014-03-04 16:26:48,909 [Worker-11] WARN  o.e.m.c.i.embedder.EclipseLogger - Using platform encoding (Cp1252 actually) to copy filtered resources, i.e. build is platform dependent!
2014-03-04 16:26:48,910 [Worker-11] INFO  o.e.m.c.i.embedder.EclipseLogger - Copying 0 resource
2014-03-04 16:26:48,912 [Worker-11] WARN  o.e.m.c.i.embedder.EclipseLogger - Using platform encoding (Cp1252 actually) to copy filtered resources, i.e. build is platform dependent!
2014-03-04 16:26:48,912 [Worker-11] INFO  o.e.m.c.i.embedder.EclipseLogger - Copying 0 resource
2014-03-04 16:27:02,745 [Worker-28] WARN  o.e.m.c.i.embedder.EclipseLogger - Using platform encoding (Cp1252 actually) to copy filtered resources, i.e. build is platform dependent!
2014-03-04 16:27:02,748 [Worker-28] INFO  o.e.m.c.i.embedder.EclipseLogger - Copying 0 resource
2014-03-04 16:27:02,750 [Worker-28] WARN  o.e.m.c.i.embedder.EclipseLogger - Using platform encoding (Cp1252 actually) to copy filtered resources, i.e. build is platform dependent!
2014-03-04 16:27:02,751 [Worker-28] INFO  o.e.m.c.i.embedder.EclipseLogger - Copying 0 resource
2014-03-04 16:27:11,840 [Worker-11] WARN  o.e.m.c.i.embedder.EclipseLogger - Using platform encoding (Cp1252 actually) to copy filtered resources, i.e. build is platform dependent!
2014-03-04 16:27:11,843 [Worker-11] INFO  o.e.m.c.i.embedder.EclipseLogger - Copying 0 resource
2014-03-04 16:27:11,845 [Worker-11] WARN  o.e.m.c.i.embedder.EclipseLogger - Using platform encoding (Cp1252 actually) to copy filtered resources, i.e. build is platform dependent!
2014-03-04 16:27:11,846 [Worker-11] INFO  o.e.m.c.i.embedder.EclipseLogger - Copying 0 resource
2014-03-04 16:27:53,454 [Worker-7] WARN  o.e.m.c.i.embedder.EclipseLogger - Using platform encoding (Cp1252 actually) to copy filtered resources, i.e. build is platform dependent!
2014-03-04 16:27:53,457 [Worker-7] INFO  o.e.m.c.i.embedder.EclipseLogger - Copying 0 resource
2014-03-04 16:27:53,459 [Worker-7] WARN  o.e.m.c.i.embedder.EclipseLogger - Using platform encoding (Cp1252 actually) to copy filtered resources, i.e. build is platform dependent!
2014-03-04 16:27:53,460 [Worker-7] INFO  o.e.m.c.i.embedder.EclipseLogger - Copying 0 resource
2014-03-04 16:28:04,264 [Worker-29] WARN  o.e.m.c.i.embedder.EclipseLogger - Using platform encoding (Cp1252 actually) to copy filtered resources, i.e. build is platform dependent!
2014-03-04 16:28:04,266 [Worker-29] INFO  o.e.m.c.i.embedder.EclipseLogger - Copying 0 resource
2014-03-04 16:28:04,268 [Worker-29] WARN  o.e.m.c.i.embedder.EclipseLogger - Using platform encoding (Cp1252 actually) to copy filtered resources, i.e. build is platform dependent!
2014-03-04 16:28:04,269 [Worker-29] INFO  o.e.m.c.i.embedder.EclipseLogger - Copying 0 resource
2014-03-04 16:29:04,527 [Worker-28] WARN  o.e.m.c.i.embedder.EclipseLogger - Using platform encoding (Cp1252 actually) to copy filtered resources, i.e. build is platform dependent!
2014-03-04 16:29:04,531 [Worker-28] INFO  o.e.m.c.i.embedder.EclipseLogger - Copying 0 resource
2014-03-04 16:29:04,533 [Worker-28] WARN  o.e.m.c.i.embedder.EclipseLogger - Using platform encoding (Cp1252 actually) to copy filtered resources, i.e. build is platform dependent!
2014-03-04 16:29:04,533 [Worker-28] INFO  o.e.m.c.i.embedder.EclipseLogger - Copying 0 resource
2014-03-04 16:29:21,168 [Worker-7] WARN  o.e.m.c.i.embedder.EclipseLogger - Using platform encoding (Cp1252 actually) to copy filtered resources, i.e. build is platform dependent!
2014-03-04 16:29:21,172 [Worker-7] INFO  o.e.m.c.i.embedder.EclipseLogger - Copying 0 resource
2014-03-04 16:29:21,174 [Worker-7] WARN  o.e.m.c.i.embedder.EclipseLogger - Using platform encoding (Cp1252 actually) to copy filtered resources, i.e. build is platform dependent!
2014-03-04 16:29:21,175 [Worker-7] INFO  o.e.m.c.i.embedder.EclipseLogger - Copying 0 resource
2014-03-04 16:29:26,310 [Worker-27] WARN  o.e.m.c.i.embedder.EclipseLogger - Using platform encoding (Cp1252 actually) to copy filtered resources, i.e. build is platform dependent!
2014-03-04 16:29:26,312 [Worker-27] INFO  o.e.m.c.i.embedder.EclipseLogger - Copying 0 resource
2014-03-04 16:29:26,313 [Worker-27] WARN  o.e.m.c.i.embedder.EclipseLogger - Using platform encoding (Cp1252 actually) to copy filtered resources, i.e. build is platform dependent!
2014-03-04 16:29:26,316 [Worker-27] INFO  o.e.m.c.i.embedder.EclipseLogger - Copying 0 resource
2014-03-04 16:29:37,113 [Worker-27] WARN  o.e.m.c.i.embedder.EclipseLogger - Using platform encoding (Cp1252 actually) to copy filtered resources, i.e. build is platform dependent!
2014-03-04 16:29:37,115 [Worker-27] INFO  o.e.m.c.i.embedder.EclipseLogger - Copying 0 resource
2014-03-04 16:29:37,117 [Worker-27] WARN  o.e.m.c.i.embedder.EclipseLogger - Using platform encoding (Cp1252 actually) to copy filtered resources, i.e. build is platform dependent!
2014-03-04 16:29:37,118 [Worker-27] INFO  o.e.m.c.i.embedder.EclipseLogger - Copying 0 resource
2014-03-04 16:40:21,656 [Worker-27] WARN  o.e.m.c.i.embedder.EclipseLogger - Using platform encoding (Cp1252 actually) to copy filtered resources, i.e. build is platform dependent!
2014-03-04 16:40:21,658 [Worker-27] INFO  o.e.m.c.i.embedder.EclipseLogger - Copying 0 resource
2014-03-04 16:40:21,659 [Worker-27] WARN  o.e.m.c.i.embedder.EclipseLogger - Using platform encoding (Cp1252 actually) to copy filtered resources, i.e. build is platform dependent!
2014-03-04 16:40:21,660 [Worker-27] INFO  o.e.m.c.i.embedder.EclipseLogger - Copying 0 resource
2014-03-04 16:40:28,744 [Worker-36] WARN  o.e.m.c.i.embedder.EclipseLogger - Using platform encoding (Cp1252 actually) to copy filtered resources, i.e. build is platform dependent!
2014-03-04 16:40:28,746 [Worker-36] INFO  o.e.m.c.i.embedder.EclipseLogger - Copying 0 resource
2014-03-04 16:40:28,747 [Worker-36] WARN  o.e.m.c.i.embedder.EclipseLogger - Using platform encoding (Cp1252 actually) to copy filtered resources, i.e. build is platform dependent!
2014-03-04 16:40:28,748 [Worker-36] INFO  o.e.m.c.i.embedder.EclipseLogger - Copying 0 resource
2014-03-04 16:40:32,552 [Worker-35] WARN  o.e.m.c.i.embedder.EclipseLogger - Using platform encoding (Cp1252 actually) to copy filtered resources, i.e. build is platform dependent!
2014-03-04 16:40:32,556 [Worker-35] INFO  o.e.m.c.i.embedder.EclipseLogger - Copying 0 resource
2014-03-04 16:40:32,558 [Worker-35] WARN  o.e.m.c.i.embedder.EclipseLogger - Using platform encoding (Cp1252 actually) to copy filtered resources, i.e. build is platform dependent!
2014-03-04 16:40:32,560 [Worker-35] INFO  o.e.m.c.i.embedder.EclipseLogger - Copying 0 resource
2014-03-04 16:40:36,876 [Worker-37] WARN  o.e.m.c.i.embedder.EclipseLogger - Using platform encoding (Cp1252 actually) to copy filtered resources, i.e. build is platform dependent!
2014-03-04 16:40:36,879 [Worker-37] INFO  o.e.m.c.i.embedder.EclipseLogger - Copying 0 resource
2014-03-04 16:40:36,880 [Worker-37] WARN  o.e.m.c.i.embedder.EclipseLogger - Using platform encoding (Cp1252 actually) to copy filtered resources, i.e. build is platform dependent!
2014-03-04 16:40:36,881 [Worker-37] INFO  o.e.m.c.i.embedder.EclipseLogger - Copying 0 resource
2014-03-04 16:42:19,098 [Worker-27] WARN  o.e.m.c.i.embedder.EclipseLogger - Using platform encoding (Cp1252 actually) to copy filtered resources, i.e. build is platform dependent!
2014-03-04 16:42:19,100 [Worker-27] INFO  o.e.m.c.i.embedder.EclipseLogger - Copying 0 resource
2014-03-04 16:42:19,101 [Worker-27] WARN  o.e.m.c.i.embedder.EclipseLogger - Using platform encoding (Cp1252 actually) to copy filtered resources, i.e. build is platform dependent!
2014-03-04 16:42:19,102 [Worker-27] INFO  o.e.m.c.i.embedder.EclipseLogger - Copying 0 resource
2014-03-04 16:53:26,062 [Worker-44] WARN  o.e.m.c.i.embedder.EclipseLogger - Using platform encoding (Cp1252 actually) to copy filtered resources, i.e. build is platform dependent!
2014-03-04 16:53:26,064 [Worker-44] INFO  o.e.m.c.i.embedder.EclipseLogger - Copying 1 resource
2014-03-04 16:53:26,072 [Worker-44] WARN  o.e.m.c.i.embedder.EclipseLogger - Using platform encoding (Cp1252 actually) to copy filtered resources, i.e. build is platform dependent!
2014-03-04 16:53:26,073 [Worker-44] INFO  o.e.m.c.i.embedder.EclipseLogger - Copying 0 resource
2014-03-04 16:59:59,716 [Worker-35] WARN  o.e.m.c.i.embedder.EclipseLogger - Using platform encoding (Cp1252 actually) to copy filtered resources, i.e. build is platform dependent!
2014-03-04 16:59:59,720 [Worker-35] INFO  o.e.m.c.i.embedder.EclipseLogger - Copying 1 resource
2014-03-04 16:59:59,723 [Worker-35] WARN  o.e.m.c.i.embedder.EclipseLogger - Using platform encoding (Cp1252 actually) to copy filtered resources, i.e. build is platform dependent!
2014-03-04 16:59:59,724 [Worker-35] INFO  o.e.m.c.i.embedder.EclipseLogger - Copying 0 resource
2014-03-04 17:01:17,597 [Worker-48] WARN  o.e.m.c.i.embedder.EclipseLogger - Using platform encoding (Cp1252 actually) to copy filtered resources, i.e. build is platform dependent!
2014-03-04 17:01:17,601 [Worker-48] INFO  o.e.m.c.i.embedder.EclipseLogger - Copying 1 resource
2014-03-04 17:01:17,605 [Worker-48] WARN  o.e.m.c.i.embedder.EclipseLogger - Using platform encoding (Cp1252 actually) to copy filtered resources, i.e. build is platform dependent!
2014-03-04 17:01:17,609 [Worker-48] INFO  o.e.m.c.i.embedder.EclipseLogger - Copying 0 resource
2014-03-04 17:03:12,689 [Worker-43] WARN  o.e.m.c.i.embedder.EclipseLogger - Using platform encoding (Cp1252 actually) to copy filtered resources, i.e. build is platform dependent!
2014-03-04 17:03:12,693 [Worker-43] INFO  o.e.m.c.i.embedder.EclipseLogger - Copying 1 resource
2014-03-04 17:03:12,697 [Worker-43] WARN  o.e.m.c.i.embedder.EclipseLogger - Using platform encoding (Cp1252 actually) to copy filtered resources, i.e. build is platform dependent!
2014-03-04 17:03:12,701 [Worker-43] INFO  o.e.m.c.i.embedder.EclipseLogger - Copying 0 resource
2014-03-04 17:03:51,649 [Worker-45] WARN  o.e.m.c.i.embedder.EclipseLogger - Using platform encoding (Cp1252 actually) to copy filtered resources, i.e. build is platform dependent!
2014-03-04 17:03:51,653 [Worker-45] INFO  o.e.m.c.i.embedder.EclipseLogger - Copying 1 resource
2014-03-04 17:03:51,657 [Worker-45] WARN  o.e.m.c.i.embedder.EclipseLogger - Using platform encoding (Cp1252 actually) to copy filtered resources, i.e. build is platform dependent!
2014-03-04 17:03:51,658 [Worker-45] INFO  o.e.m.c.i.embedder.EclipseLogger - Copying 0 resource
2014-03-04 17:03:55,911 [Worker-46] WARN  o.e.m.c.i.embedder.EclipseLogger - Using platform encoding (Cp1252 actually) to copy filtered resources, i.e. build is platform dependent!
2014-03-04 17:03:55,915 [Worker-46] INFO  o.e.m.c.i.embedder.EclipseLogger - Copying 1 resource
2014-03-04 17:03:55,918 [Worker-46] WARN  o.e.m.c.i.embedder.EclipseLogger - Using platform encoding (Cp1252 actually) to copy filtered resources, i.e. build is platform dependent!
2014-03-04 17:03:55,920 [Worker-46] INFO  o.e.m.c.i.embedder.EclipseLogger - Copying 0 resource
2014-03-04 17:06:10,163 [Worker-52] WARN  o.e.m.c.i.embedder.EclipseLogger - Using platform encoding (Cp1252 actually) to copy filtered resources, i.e. build is platform dependent!
2014-03-04 17:06:10,166 [Worker-52] INFO  o.e.m.c.i.embedder.EclipseLogger - Copying 1 resource
2014-03-04 17:06:10,169 [Worker-52] WARN  o.e.m.c.i.embedder.EclipseLogger - Using platform encoding (Cp1252 actually) to copy filtered resources, i.e. build is platform dependent!
2014-03-04 17:06:10,170 [Worker-52] INFO  o.e.m.c.i.embedder.EclipseLogger - Copying 0 resource
2014-03-04 17:06:14,843 [Worker-51] WARN  o.e.m.c.i.embedder.EclipseLogger - Using platform encoding (Cp1252 actually) to copy filtered resources, i.e. build is platform dependent!
2014-03-04 17:06:14,848 [Worker-51] INFO  o.e.m.c.i.embedder.EclipseLogger - Copying 1 resource
2014-03-04 17:06:14,851 [Worker-51] WARN  o.e.m.c.i.embedder.EclipseLogger - Using platform encoding (Cp1252 actually) to copy filtered resources, i.e. build is platform dependent!
2014-03-04 17:06:14,852 [Worker-51] INFO  o.e.m.c.i.embedder.EclipseLogger - Copying 0 resource
2014-03-04 17:06:20,252 [Worker-54] WARN  o.e.m.c.i.embedder.EclipseLogger - Using platform encoding (Cp1252 actually) to copy filtered resources, i.e. build is platform dependent!
2014-03-04 17:06:20,256 [Worker-54] INFO  o.e.m.c.i.embedder.EclipseLogger - Copying 1 resource
2014-03-04 17:06:20,260 [Worker-54] WARN  o.e.m.c.i.embedder.EclipseLogger - Using platform encoding (Cp1252 actually) to copy filtered resources, i.e. build is platform dependent!
2014-03-04 17:06:20,261 [Worker-54] INFO  o.e.m.c.i.embedder.EclipseLogger - Copying 0 resource
2014-03-04 17:19:26,582 [Worker-58] WARN  o.e.m.c.i.embedder.EclipseLogger - Using platform encoding (Cp1252 actually) to copy filtered resources, i.e. build is platform dependent!
2014-03-04 17:19:26,586 [Worker-58] INFO  o.e.m.c.i.embedder.EclipseLogger - Copying 1 resource
2014-03-04 17:19:26,590 [Worker-58] WARN  o.e.m.c.i.embedder.EclipseLogger - Using platform encoding (Cp1252 actually) to copy filtered resources, i.e. build is platform dependent!
2014-03-04 17:19:26,594 [Worker-58] INFO  o.e.m.c.i.embedder.EclipseLogger - Copying 0 resource
2014-03-04 17:24:40,787 [Worker-62] WARN  o.e.m.c.i.embedder.EclipseLogger - Using platform encoding (Cp1252 actually) to copy filtered resources, i.e. build is platform dependent!
2014-03-04 17:24:40,790 [Worker-62] INFO  o.e.m.c.i.embedder.EclipseLogger - Copying 1 resource
2014-03-04 17:24:40,791 [Worker-62] WARN  o.e.m.c.i.embedder.EclipseLogger - Using platform encoding (Cp1252 actually) to copy filtered resources, i.e. build is platform dependent!
2014-03-04 17:24:40,794 [Worker-62] INFO  o.e.m.c.i.embedder.EclipseLogger - Copying 0 resource
2014-03-04 17:26:35,401 [Worker-64] WARN  o.e.m.c.i.embedder.EclipseLogger - Using platform encoding (Cp1252 actually) to copy filtered resources, i.e. build is platform dependent!
2014-03-04 17:26:35,404 [Worker-64] INFO  o.e.m.c.i.embedder.EclipseLogger - Copying 1 resource
2014-03-04 17:26:35,405 [Worker-64] WARN  o.e.m.c.i.embedder.EclipseLogger - Using platform encoding (Cp1252 actually) to copy filtered resources, i.e. build is platform dependent!
2014-03-04 17:26:35,406 [Worker-64] INFO  o.e.m.c.i.embedder.EclipseLogger - Copying 0 resource
2014-03-04 17:27:11,090 [Worker-64] WARN  o.e.m.c.i.embedder.EclipseLogger - Using platform encoding (Cp1252 actually) to copy filtered resources, i.e. build is platform dependent!
2014-03-04 17:27:11,094 [Worker-64] INFO  o.e.m.c.i.embedder.EclipseLogger - Copying 1 resource
2014-03-04 17:27:11,096 [Worker-64] WARN  o.e.m.c.i.embedder.EclipseLogger - Using platform encoding (Cp1252 actually) to copy filtered resources, i.e. build is platform dependent!
2014-03-04 17:27:11,097 [Worker-64] INFO  o.e.m.c.i.embedder.EclipseLogger - Copying 0 resource
2014-03-04 17:27:39,727 [Worker-65] WARN  o.e.m.c.i.embedder.EclipseLogger - Using platform encoding (Cp1252 actually) to copy filtered resources, i.e. build is platform dependent!
2014-03-04 17:27:39,730 [Worker-65] INFO  o.e.m.c.i.embedder.EclipseLogger - Copying 1 resource
2014-03-04 17:27:39,731 [Worker-65] WARN  o.e.m.c.i.embedder.EclipseLogger - Using platform encoding (Cp1252 actually) to copy filtered resources, i.e. build is platform dependent!
2014-03-04 17:27:39,732 [Worker-65] INFO  o.e.m.c.i.embedder.EclipseLogger - Copying 0 resource
2014-03-04 17:30:02,541 [Worker-40] WARN  o.e.m.c.i.embedder.EclipseLogger - Using platform encoding (Cp1252 actually) to copy filtered resources, i.e. build is platform dependent!
2014-03-04 17:30:02,545 [Worker-40] INFO  o.e.m.c.i.embedder.EclipseLogger - Copying 1 resource
2014-03-04 17:30:02,547 [Worker-40] WARN  o.e.m.c.i.embedder.EclipseLogger - Using platform encoding (Cp1252 actually) to copy filtered resources, i.e. build is platform dependent!
2014-03-04 17:30:02,548 [Worker-40] INFO  o.e.m.c.i.embedder.EclipseLogger - Copying 0 resource
2014-03-04 17:30:50,186 [Worker-64] WARN  o.e.m.c.i.embedder.EclipseLogger - Using platform encoding (Cp1252 actually) to copy filtered resources, i.e. build is platform dependent!
2014-03-04 17:30:50,189 [Worker-64] INFO  o.e.m.c.i.embedder.EclipseLogger - Copying 1 resource
2014-03-04 17:30:50,190 [Worker-64] WARN  o.e.m.c.i.embedder.EclipseLogger - Using platform encoding (Cp1252 actually) to copy filtered resources, i.e. build is platform dependent!
2014-03-04 17:30:50,191 [Worker-64] INFO  o.e.m.c.i.embedder.EclipseLogger - Copying 0 resource
2014-03-04 17:38:10,573 [Worker-72] WARN  o.e.m.c.i.embedder.EclipseLogger - Using platform encoding (Cp1252 actually) to copy filtered resources, i.e. build is platform dependent!
2014-03-04 17:38:10,575 [Worker-72] INFO  o.e.m.c.i.embedder.EclipseLogger - Copying 1 resource
2014-03-04 17:38:10,579 [Worker-72] WARN  o.e.m.c.i.embedder.EclipseLogger - Using platform encoding (Cp1252 actually) to copy filtered resources, i.e. build is platform dependent!
2014-03-04 17:38:10,580 [Worker-72] INFO  o.e.m.c.i.embedder.EclipseLogger - Copying 0 resource
2014-03-04 17:38:56,571 [Worker-74] WARN  o.e.m.c.i.embedder.EclipseLogger - Using platform encoding (Cp1252 actually) to copy filtered resources, i.e. build is platform dependent!
2014-03-04 17:38:56,575 [Worker-74] INFO  o.e.m.c.i.embedder.EclipseLogger - Copying 1 resource
2014-03-04 17:38:56,579 [Worker-74] WARN  o.e.m.c.i.embedder.EclipseLogger - Using platform encoding (Cp1252 actually) to copy filtered resources, i.e. build is platform dependent!
2014-03-04 17:38:56,580 [Worker-74] INFO  o.e.m.c.i.embedder.EclipseLogger - Copying 0 resource
2014-03-04 17:40:02,260 [Worker-62] WARN  o.e.m.c.i.embedder.EclipseLogger - Using platform encoding (Cp1252 actually) to copy filtered resources, i.e. build is platform dependent!
2014-03-04 17:40:02,264 [Worker-62] INFO  o.e.m.c.i.embedder.EclipseLogger - Copying 2 resources
2014-03-04 17:40:02,266 [Worker-62] WARN  o.e.m.c.i.embedder.EclipseLogger - Using platform encoding (Cp1252 actually) to copy filtered resources, i.e. build is platform dependent!
2014-03-04 17:40:02,267 [Worker-62] INFO  o.e.m.c.i.embedder.EclipseLogger - Copying 0 resource
2014-03-04 17:41:12,187 [Worker-40] WARN  o.e.m.c.i.embedder.EclipseLogger - Using platform encoding (Cp1252 actually) to copy filtered resources, i.e. build is platform dependent!
2014-03-04 17:41:12,191 [Worker-40] INFO  o.e.m.c.i.embedder.EclipseLogger - Copying 2 resources
2014-03-04 17:41:12,193 [Worker-40] WARN  o.e.m.c.i.embedder.EclipseLogger - Using platform encoding (Cp1252 actually) to copy filtered resources, i.e. build is platform dependent!
2014-03-04 17:41:12,194 [Worker-40] INFO  o.e.m.c.i.embedder.EclipseLogger - Copying 0 resource
2014-03-04 17:42:22,836 [Worker-77] WARN  o.e.m.c.i.embedder.EclipseLogger - Using platform encoding (Cp1252 actually) to copy filtered resources, i.e. build is platform dependent!
2014-03-04 17:42:22,840 [Worker-77] INFO  o.e.m.c.i.embedder.EclipseLogger - Copying 1 resource
2014-03-04 17:42:22,843 [Worker-77] WARN  o.e.m.c.i.embedder.EclipseLogger - Using platform encoding (Cp1252 actually) to copy filtered resources, i.e. build is platform dependent!
2014-03-04 17:42:22,845 [Worker-77] INFO  o.e.m.c.i.embedder.EclipseLogger - Copying 0 resource
2014-03-04 17:42:51,791 [Worker-76] INFO  o.e.m.c.i.l.LifecycleMappingFactory - Using org.eclipse.m2e.jdt.JarLifecycleMapping lifecycle mapping for MavenProject: Hibernate:HibernateTest1:0.0.1-SNAPSHOT @ D:\LABS\JAVA_LABS\Hibernate\HibernateTest1\pom.xml.
2014-03-04 17:42:52,044 [Worker-76] WARN  o.e.m.c.i.embedder.EclipseLogger - Using platform encoding (Cp1252 actually) to copy filtered resources, i.e. build is platform dependent!
2014-03-04 17:42:52,045 [Worker-76] INFO  o.e.m.c.i.embedder.EclipseLogger - Copying 0 resource
2014-03-04 17:42:52,046 [Worker-76] WARN  o.e.m.c.i.embedder.EclipseLogger - Using platform encoding (Cp1252 actually) to copy filtered resources, i.e. build is platform dependent!
2014-03-04 17:42:52,047 [Worker-76] INFO  o.e.m.c.i.embedder.EclipseLogger - Copying 0 resource
2014-03-04 17:43:04,566 [Worker-77] INFO  o.e.m.i.launch.MavenLaunchDelegate - D:\LABS\JAVA_LABS\Hibernate\HibernateTest1
2014-03-04 17:43:04,567 [Worker-77] INFO  o.e.m.i.launch.MavenLaunchDelegate -  mvn  -B -s C:\Users\prashantk\.m2\settings.xml clean
2014-03-04 17:43:06,036 [Worker-40] WARN  o.e.m.c.i.embedder.EclipseLogger - Using platform encoding (Cp1252 actually) to copy filtered resources, i.e. build is platform dependent!
2014-03-04 17:43:06,040 [Worker-40] INFO  o.e.m.c.i.embedder.EclipseLogger - Copying 2 resources
2014-03-04 17:43:06,045 [Worker-40] WARN  o.e.m.c.i.embedder.EclipseLogger - Using platform encoding (Cp1252 actually) to copy filtered resources, i.e. build is platform dependent!
2014-03-04 17:43:06,046 [Worker-40] INFO  o.e.m.c.i.embedder.EclipseLogger - Copying 0 resource
2014-03-04 17:43:11,729 [Worker-72] INFO  o.e.m.i.launch.MavenLaunchDelegate - D:\LABS\JAVA_LABS\Hibernate\HibernateTest1
2014-03-04 17:43:11,730 [Worker-72] INFO  o.e.m.i.launch.MavenLaunchDelegate -  mvn  -B -s C:\Users\prashantk\.m2\settings.xml install
2014-03-04 17:44:24,339 [Worker-79] INFO  o.e.m.c.i.l.LifecycleMappingFactory - Using org.eclipse.m2e.jdt.JarLifecycleMapping lifecycle mapping for MavenProject: Hibernate:HibernateTest1:0.0.1-SNAPSHOT @ D:\LABS\JAVA_LABS\Hibernate\HibernateTest1\pom.xml.
2014-03-04 17:44:24,383 [Worker-79] INFO  c.n.h.c.p.n.NettyAsyncHttpProvider - Number of application's worked threads is 8
2014-03-04 17:44:25,182 [New I/O client worker #1-1] INFO  o.e.m.c.i.e.AbstractTransferListenerAdapter - Downloading http://nexus.ironmountain.com:8081/nexus/content/groups/public/log4j/log4j/1.2.11/log4j-1.2.11.pom
2014-03-04 17:44:25,187 [New I/O client worker #1-1] INFO  o.e.m.c.i.e.AbstractTransferListenerAdapter - Downloaded http://nexus.ironmountain.com:8081/nexus/content/groups/public/log4j/log4j/1.2.11/log4j-1.2.11.pom
2014-03-04 17:44:25,579 [Worker-79] INFO  c.n.h.c.p.n.NettyAsyncHttpProvider - Number of application's worked threads is 8
2014-03-04 17:44:29,458 [New I/O client worker #2-1] INFO  o.e.m.c.i.e.AbstractTransferListenerAdapter - Downloading http://nexus.ironmountain.com:8081/nexus/content/groups/public/log4j/log4j/1.2.11/log4j-1.2.11.jar
2014-03-04 17:44:32,521 [New I/O client worker #2-1] INFO  o.e.m.c.i.e.AbstractTransferListenerAdapter - Downloaded http://nexus.ironmountain.com:8081/nexus/content/groups/public/log4j/log4j/1.2.11/log4j-1.2.11.jar
2014-03-04 17:44:33,097 [Worker-79] WARN  o.e.m.c.i.embedder.EclipseLogger - Using platform encoding (Cp1252 actually) to copy filtered resources, i.e. build is platform dependent!
2014-03-04 17:44:33,099 [Worker-79] INFO  o.e.m.c.i.embedder.EclipseLogger - Copying 0 resource
2014-03-04 17:44:33,100 [Worker-79] WARN  o.e.m.c.i.embedder.EclipseLogger - Using platform encoding (Cp1252 actually) to copy filtered resources, i.e. build is platform dependent!
2014-03-04 17:44:33,101 [Worker-79] INFO  o.e.m.c.i.embedder.EclipseLogger - Copying 0 resource
2014-03-04 17:44:33,172 [Worker-62] INFO  o.e.m.i.launch.MavenLaunchDelegate - D:\LABS\JAVA_LABS\Hibernate\HibernateTest1
2014-03-04 17:44:33,172 [Worker-62] INFO  o.e.m.i.launch.MavenLaunchDelegate -  mvn  -B -s C:\Users\prashantk\.m2\settings.xml clean
2014-03-04 17:44:34,268 [Worker-62] WARN  o.e.m.c.i.embedder.EclipseLogger - Using platform encoding (Cp1252 actually) to copy filtered resources, i.e. build is platform dependent!
2014-03-04 17:44:34,269 [Worker-62] INFO  o.e.m.c.i.embedder.EclipseLogger - Copying 2 resources
2014-03-04 17:44:34,272 [Worker-62] WARN  o.e.m.c.i.embedder.EclipseLogger - Using platform encoding (Cp1252 actually) to copy filtered resources, i.e. build is platform dependent!
2014-03-04 17:44:34,273 [Worker-62] INFO  o.e.m.c.i.embedder.EclipseLogger - Copying 0 resource
2014-03-04 17:44:35,401 [Worker-62] WARN  o.e.m.c.i.embedder.EclipseLogger - Using platform encoding (Cp1252 actually) to copy filtered resources, i.e. build is platform dependent!
2014-03-04 17:44:35,403 [Worker-62] INFO  o.e.m.c.i.embedder.EclipseLogger - Copying 2 resources
2014-03-04 17:44:35,408 [Worker-62] WARN  o.e.m.c.i.embedder.EclipseLogger - Using platform encoding (Cp1252 actually) to copy filtered resources, i.e. build is platform dependent!
2014-03-04 17:44:35,410 [Worker-62] INFO  o.e.m.c.i.embedder.EclipseLogger - Copying 0 resource
2014-03-04 17:44:38,013 [Worker-77] INFO  o.e.m.i.launch.MavenLaunchDelegate - D:\LABS\JAVA_LABS\Hibernate\HibernateTest1
2014-03-04 17:44:38,014 [Worker-77] INFO  o.e.m.i.launch.MavenLaunchDelegate -  mvn  -B -s C:\Users\prashantk\.m2\settings.xml install
2014-03-04 17:44:52,094 [Worker-40] WARN  o.e.m.c.i.embedder.EclipseLogger - Using platform encoding (Cp1252 actually) to copy filtered resources, i.e. build is platform dependent!
2014-03-04 17:44:52,102 [Worker-40] INFO  o.e.m.c.i.embedder.EclipseLogger - Copying 2 resources
2014-03-04 17:44:52,104 [Worker-40] WARN  o.e.m.c.i.embedder.EclipseLogger - Using platform encoding (Cp1252 actually) to copy filtered resources, i.e. build is platform dependent!
2014-03-04 17:44:52,105 [Worker-40] INFO  o.e.m.c.i.embedder.EclipseLogger - Copying 0 resource
2014-03-04 17:45:29,264 [Worker-80] WARN  o.e.m.c.i.embedder.EclipseLogger - Using platform encoding (Cp1252 actually) to copy filtered resources, i.e. build is platform dependent!
2014-03-04 17:45:29,267 [Worker-80] INFO  o.e.m.c.i.embedder.EclipseLogger - Copying 2 resources
2014-03-04 17:45:29,268 [Worker-80] WARN  o.e.m.c.i.embedder.EclipseLogger - Using platform encoding (Cp1252 actually) to copy filtered resources, i.e. build is platform dependent!
2014-03-04 17:45:29,269 [Worker-80] INFO  o.e.m.c.i.embedder.EclipseLogger - Copying 0 resource
2014-03-04 17:45:36,215 [Worker-79] WARN  o.e.m.c.i.embedder.EclipseLogger - Using platform encoding (Cp1252 actually) to copy filtered resources, i.e. build is platform dependent!
2014-03-04 17:45:36,217 [Worker-79] INFO  o.e.m.c.i.embedder.EclipseLogger - Copying 2 resources
2014-03-04 17:45:36,219 [Worker-79] WARN  o.e.m.c.i.embedder.EclipseLogger - Using platform encoding (Cp1252 actually) to copy filtered resources, i.e. build is platform dependent!
2014-03-04 17:45:36,220 [Worker-79] INFO  o.e.m.c.i.embedder.EclipseLogger - Copying 0 resource
2014-03-04 17:45:53,500 [Worker-75] INFO  o.e.m.i.launch.MavenLaunchDelegate - D:\LABS\JAVA_LABS\Hibernate\HibernateTest1
2014-03-04 17:45:53,500 [Worker-75] INFO  o.e.m.i.launch.MavenLaunchDelegate -  mvn  -B -s C:\Users\prashantk\.m2\settings.xml clean
2014-03-04 17:45:54,882 [Worker-40] WARN  o.e.m.c.i.embedder.EclipseLogger - Using platform encoding (Cp1252 actually) to copy filtered resources, i.e. build is platform dependent!
2014-03-04 17:45:54,886 [Worker-40] INFO  o.e.m.c.i.embedder.EclipseLogger - Copying 2 resources
2014-03-04 17:45:54,891 [Worker-40] WARN  o.e.m.c.i.embedder.EclipseLogger - Using platform encoding (Cp1252 actually) to copy filtered resources, i.e. build is platform dependent!
2014-03-04 17:45:54,892 [Worker-40] INFO  o.e.m.c.i.embedder.EclipseLogger - Copying 0 resource
2014-03-04 17:45:59,349 [Worker-83] INFO  o.e.m.i.launch.MavenLaunchDelegate - D:\LABS\JAVA_LABS\Hibernate\HibernateTest1
2014-03-04 17:45:59,349 [Worker-83] INFO  o.e.m.i.launch.MavenLaunchDelegate -  mvn  -B -s C:\Users\prashantk\.m2\settings.xml install
2014-03-04 17:46:24,823 [Worker-77] WARN  o.e.m.c.i.embedder.EclipseLogger - Using platform encoding (Cp1252 actually) to copy filtered resources, i.e. build is platform dependent!
2014-03-04 17:46:24,825 [Worker-77] INFO  o.e.m.c.i.embedder.EclipseLogger - Copying 2 resources
2014-03-04 17:46:24,827 [Worker-77] WARN  o.e.m.c.i.embedder.EclipseLogger - Using platform encoding (Cp1252 actually) to copy filtered resources, i.e. build is platform dependent!
2014-03-04 17:46:24,828 [Worker-77] INFO  o.e.m.c.i.embedder.EclipseLogger - Copying 0 resource
2014-03-04 17:46:28,430 [Worker-75] WARN  o.e.m.c.i.embedder.EclipseLogger - Using platform encoding (Cp1252 actually) to copy filtered resources, i.e. build is platform dependent!
2014-03-04 17:46:28,434 [Worker-75] INFO  o.e.m.c.i.embedder.EclipseLogger - Copying 2 resources
2014-03-04 17:46:28,436 [Worker-75] WARN  o.e.m.c.i.embedder.EclipseLogger - Using platform encoding (Cp1252 actually) to copy filtered resources, i.e. build is platform dependent!
2014-03-04 17:46:28,437 [Worker-75] INFO  o.e.m.c.i.embedder.EclipseLogger - Copying 0 resource
2014-03-04 17:46:32,467 [Worker-80] WARN  o.e.m.c.i.embedder.EclipseLogger - Using platform encoding (Cp1252 actually) to copy filtered resources, i.e. build is platform dependent!
2014-03-04 17:46:32,471 [Worker-80] INFO  o.e.m.c.i.embedder.EclipseLogger - Copying 2 resources
2014-03-04 17:46:32,473 [Worker-80] WARN  o.e.m.c.i.embedder.EclipseLogger - Using platform encoding (Cp1252 actually) to copy filtered resources, i.e. build is platform dependent!
2014-03-04 17:46:32,474 [Worker-80] INFO  o.e.m.c.i.embedder.EclipseLogger - Copying 0 resource
2014-03-04 17:46:39,910 [Worker-62] WARN  o.e.m.c.i.embedder.EclipseLogger - Using platform encoding (Cp1252 actually) to copy filtered resources, i.e. build is platform dependent!
2014-03-04 17:46:39,914 [Worker-62] INFO  o.e.m.c.i.embedder.EclipseLogger - Copying 2 resources
2014-03-04 17:46:39,916 [Worker-62] WARN  o.e.m.c.i.embedder.EclipseLogger - Using platform encoding (Cp1252 actually) to copy filtered resources, i.e. build is platform dependent!
2014-03-04 17:46:39,917 [Worker-62] INFO  o.e.m.c.i.embedder.EclipseLogger - Copying 0 resource
2014-03-04 17:46:57,428 [Worker-62] WARN  o.e.m.c.i.embedder.EclipseLogger - Using platform encoding (Cp1252 actually) to copy filtered resources, i.e. build is platform dependent!
2014-03-04 17:46:57,430 [Worker-62] INFO  o.e.m.c.i.embedder.EclipseLogger - Copying 2 resources
2014-03-04 17:46:57,431 [Worker-62] WARN  o.e.m.c.i.embedder.EclipseLogger - Using platform encoding (Cp1252 actually) to copy filtered resources, i.e. build is platform dependent!
2014-03-04 17:46:57,432 [Worker-62] INFO  o.e.m.c.i.embedder.EclipseLogger - Copying 0 resource
2014-03-04 17:46:59,046 [Worker-75] WARN  o.e.m.c.i.embedder.EclipseLogger - Using platform encoding (Cp1252 actually) to copy filtered resources, i.e. build is platform dependent!
2014-03-04 17:46:59,047 [Worker-75] INFO  o.e.m.c.i.embedder.EclipseLogger - Copying 2 resources
2014-03-04 17:46:59,049 [Worker-75] WARN  o.e.m.c.i.embedder.EclipseLogger - Using platform encoding (Cp1252 actually) to copy filtered resources, i.e. build is platform dependent!
2014-03-04 17:46:59,050 [Worker-75] INFO  o.e.m.c.i.embedder.EclipseLogger - Copying 0 resource
2014-03-04 17:47:17,667 [Worker-74] WARN  o.e.m.c.i.embedder.EclipseLogger - Using platform encoding (Cp1252 actually) to copy filtered resources, i.e. build is platform dependent!
2014-03-04 17:47:17,669 [Worker-74] INFO  o.e.m.c.i.embedder.EclipseLogger - Copying 2 resources
2014-03-04 17:47:17,671 [Worker-74] WARN  o.e.m.c.i.embedder.EclipseLogger - Using platform encoding (Cp1252 actually) to copy filtered resources, i.e. build is platform dependent!
2014-03-04 17:47:17,672 [Worker-74] INFO  o.e.m.c.i.embedder.EclipseLogger - Copying 0 resource
2014-03-04 17:47:40,303 [Worker-81] WARN  o.e.m.c.i.embedder.EclipseLogger - Using platform encoding (Cp1252 actually) to copy filtered resources, i.e. build is platform dependent!
2014-03-04 17:47:40,307 [Worker-81] INFO  o.e.m.c.i.embedder.EclipseLogger - Copying 2 resources
2014-03-04 17:47:40,309 [Worker-81] WARN  o.e.m.c.i.embedder.EclipseLogger - Using platform encoding (Cp1252 actually) to copy filtered resources, i.e. build is platform dependent!
2014-03-04 17:47:40,310 [Worker-81] INFO  o.e.m.c.i.embedder.EclipseLogger - Copying 0 resource
2014-03-04 17:47:44,113 [Worker-84] WARN  o.e.m.c.i.embedder.EclipseLogger - Using platform encoding (Cp1252 actually) to copy filtered resources, i.e. build is platform dependent!
2014-03-04 17:47:44,117 [Worker-84] INFO  o.e.m.c.i.embedder.EclipseLogger - Copying 2 resources
2014-03-04 17:47:44,119 [Worker-84] WARN  o.e.m.c.i.embedder.EclipseLogger - Using platform encoding (Cp1252 actually) to copy filtered resources, i.e. build is platform dependent!
2014-03-04 17:47:44,120 [Worker-84] INFO  o.e.m.c.i.embedder.EclipseLogger - Copying 0 resource
2014-03-04 17:47:49,921 [Worker-74] WARN  o.e.m.c.i.embedder.EclipseLogger - Using platform encoding (Cp1252 actually) to copy filtered resources, i.e. build is platform dependent!
2014-03-04 17:47:49,924 [Worker-74] INFO  o.e.m.c.i.embedder.EclipseLogger - Copying 2 resources
2014-03-04 17:47:49,927 [Worker-74] WARN  o.e.m.c.i.embedder.EclipseLogger - Using platform encoding (Cp1252 actually) to copy filtered resources, i.e. build is platform dependent!
2014-03-04 17:47:49,928 [Worker-74] INFO  o.e.m.c.i.embedder.EclipseLogger - Copying 0 resource
2014-03-04 17:47:51,863 [Worker-81] WARN  o.e.m.c.i.embedder.EclipseLogger - Using platform encoding (Cp1252 actually) to copy filtered resources, i.e. build is platform dependent!
2014-03-04 17:47:51,867 [Worker-81] INFO  o.e.m.c.i.embedder.EclipseLogger - Copying 2 resources
2014-03-04 17:47:51,869 [Worker-81] WARN  o.e.m.c.i.embedder.EclipseLogger - Using platform encoding (Cp1252 actually) to copy filtered resources, i.e. build is platform dependent!
2014-03-04 17:47:51,870 [Worker-81] INFO  o.e.m.c.i.embedder.EclipseLogger - Copying 0 resource
2014-03-04 17:48:23,202 [Worker-82] INFO  o.e.m.i.launch.MavenLaunchDelegate - D:\LABS\JAVA_LABS\Hibernate\HibernateTest1
2014-03-04 17:48:23,203 [Worker-82] INFO  o.e.m.i.launch.MavenLaunchDelegate -  mvn  -B -s C:\Users\prashantk\.m2\settings.xml clean
2014-03-04 17:48:24,568 [Worker-81] WARN  o.e.m.c.i.embedder.EclipseLogger - Using platform encoding (Cp1252 actually) to copy filtered resources, i.e. build is platform dependent!
2014-03-04 17:48:24,571 [Worker-81] INFO  o.e.m.c.i.embedder.EclipseLogger - Copying 2 resources
2014-03-04 17:48:24,576 [Worker-81] WARN  o.e.m.c.i.embedder.EclipseLogger - Using platform encoding (Cp1252 actually) to copy filtered resources, i.e. build is platform dependent!
2014-03-04 17:48:24,577 [Worker-81] INFO  o.e.m.c.i.embedder.EclipseLogger - Copying 0 resource
2014-03-04 17:48:45,983 [Worker-83] WARN  o.e.m.c.i.embedder.EclipseLogger - Using platform encoding (Cp1252 actually) to copy filtered resources, i.e. build is platform dependent!
2014-03-04 17:48:45,986 [Worker-83] INFO  o.e.m.c.i.embedder.EclipseLogger - Copying 2 resources
2014-03-04 17:48:45,988 [Worker-83] WARN  o.e.m.c.i.embedder.EclipseLogger - Using platform encoding (Cp1252 actually) to copy filtered resources, i.e. build is platform dependent!
2014-03-04 17:48:45,988 [Worker-83] INFO  o.e.m.c.i.embedder.EclipseLogger - Copying 0 resource
2014-03-04 17:48:49,661 [Worker-83] WARN  o.e.m.c.i.embedder.EclipseLogger - Using platform encoding (Cp1252 actually) to copy filtered resources, i.e. build is platform dependent!
2014-03-04 17:48:49,665 [Worker-83] INFO  o.e.m.c.i.embedder.EclipseLogger - Copying 2 resources
2014-03-04 17:48:49,667 [Worker-83] WARN  o.e.m.c.i.embedder.EclipseLogger - Using platform encoding (Cp1252 actually) to copy filtered resources, i.e. build is platform dependent!
2014-03-04 17:48:49,668 [Worker-83] INFO  o.e.m.c.i.embedder.EclipseLogger - Copying 0 resource
2014-03-04 17:48:59,320 [Worker-75] WARN  o.e.m.c.i.embedder.EclipseLogger - Using platform encoding (Cp1252 actually) to copy filtered resources, i.e. build is platform dependent!
2014-03-04 17:48:59,324 [Worker-75] INFO  o.e.m.c.i.embedder.EclipseLogger - Copying 2 resources
2014-03-04 17:48:59,326 [Worker-75] WARN  o.e.m.c.i.embedder.EclipseLogger - Using platform encoding (Cp1252 actually) to copy filtered resources, i.e. build is platform dependent!
2014-03-04 17:48:59,327 [Worker-75] INFO  o.e.m.c.i.embedder.EclipseLogger - Copying 0 resource
2014-03-04 17:50:06,869 [Worker-84] INFO  o.e.m.i.launch.MavenLaunchDelegate - D:\LABS\JAVA_LABS\Hibernate\HibernateTest1
2014-03-04 17:50:06,869 [Worker-84] INFO  o.e.m.i.launch.MavenLaunchDelegate -  mvn  -B -s C:\Users\prashantk\.m2\settings.xml clean
2014-03-04 17:50:08,194 [Worker-80] WARN  o.e.m.c.i.embedder.EclipseLogger - Using platform encoding (Cp1252 actually) to copy filtered resources, i.e. build is platform dependent!
2014-03-04 17:50:08,198 [Worker-80] INFO  o.e.m.c.i.embedder.EclipseLogger - Copying 2 resources
2014-03-04 17:50:08,204 [Worker-80] WARN  o.e.m.c.i.embedder.EclipseLogger - Using platform encoding (Cp1252 actually) to copy filtered resources, i.e. build is platform dependent!
2014-03-04 17:50:08,205 [Worker-80] INFO  o.e.m.c.i.embedder.EclipseLogger - Copying 0 resource
2014-03-04 17:50:17,820 [Worker-86] INFO  o.e.m.i.launch.MavenLaunchDelegate - D:\LABS\JAVA_LABS\Hibernate\HibernateTest1
2014-03-04 17:50:17,821 [Worker-86] INFO  o.e.m.i.launch.MavenLaunchDelegate -  mvn  -B -s C:\Users\prashantk\.m2\settings.xml install
2014-03-04 17:50:21,273 [Worker-86] WARN  o.e.m.c.i.embedder.EclipseLogger - Using platform encoding (Cp1252 actually) to copy filtered resources, i.e. build is platform dependent!
2014-03-04 17:50:21,276 [Worker-86] INFO  o.e.m.c.i.embedder.EclipseLogger - Copying 2 resources
2014-03-04 17:50:21,277 [Worker-86] WARN  o.e.m.c.i.embedder.EclipseLogger - Using platform encoding (Cp1252 actually) to copy filtered resources, i.e. build is platform dependent!
2014-03-04 17:50:21,278 [Worker-86] INFO  o.e.m.c.i.embedder.EclipseLogger - Copying 0 resource
2014-03-04 17:51:05,527 [Worker-75] WARN  o.e.m.c.i.embedder.EclipseLogger - Using platform encoding (Cp1252 actually) to copy filtered resources, i.e. build is platform dependent!
2014-03-04 17:51:05,529 [Worker-75] INFO  o.e.m.c.i.embedder.EclipseLogger - Copying 2 resources
2014-03-04 17:51:05,531 [Worker-75] WARN  o.e.m.c.i.embedder.EclipseLogger - Using platform encoding (Cp1252 actually) to copy filtered resources, i.e. build is platform dependent!
2014-03-04 17:51:05,533 [Worker-75] INFO  o.e.m.c.i.embedder.EclipseLogger - Copying 0 resource
2014-03-04 17:51:38,210 [Worker-81] WARN  o.e.m.c.i.embedder.EclipseLogger - Using platform encoding (Cp1252 actually) to copy filtered resources, i.e. build is platform dependent!
2014-03-04 17:51:38,213 [Worker-81] INFO  o.e.m.c.i.embedder.EclipseLogger - Copying 2 resources
2014-03-04 17:51:38,215 [Worker-81] WARN  o.e.m.c.i.embedder.EclipseLogger - Using platform encoding (Cp1252 actually) to copy filtered resources, i.e. build is platform dependent!
2014-03-04 17:51:38,216 [Worker-81] INFO  o.e.m.c.i.embedder.EclipseLogger - Copying 0 resource
2014-03-04 17:56:56,169 [Worker-89] INFO  o.e.m.c.i.l.LifecycleMappingFactory - Using org.eclipse.m2e.jdt.JarLifecycleMapping lifecycle mapping for MavenProject: Hibernate:HibernateTest1:0.0.1-SNAPSHOT @ D:\LABS\JAVA_LABS\Hibernate\HibernateTest1\pom.xml.
2014-03-04 17:56:56,445 [Worker-89] WARN  o.e.m.c.i.embedder.EclipseLogger - Using platform encoding (Cp1252 actually) to copy filtered resources, i.e. build is platform dependent!
2014-03-04 17:56:56,447 [Worker-89] INFO  o.e.m.c.i.embedder.EclipseLogger - Copying 0 resource
2014-03-04 17:56:56,449 [Worker-89] WARN  o.e.m.c.i.embedder.EclipseLogger - Using platform encoding (Cp1252 actually) to copy filtered resources, i.e. build is platform dependent!
2014-03-04 17:56:56,449 [Worker-89] INFO  o.e.m.c.i.embedder.EclipseLogger - Copying 0 resource
2014-03-04 17:56:57,623 [Worker-90] WARN  o.e.m.c.i.embedder.EclipseLogger - Using platform encoding (Cp1252 actually) to copy filtered resources, i.e. build is platform dependent!
2014-03-04 17:56:57,626 [Worker-90] INFO  o.e.m.c.i.embedder.EclipseLogger - Copying 2 resources
2014-03-04 17:56:57,628 [Worker-90] WARN  o.e.m.c.i.embedder.EclipseLogger - Using platform encoding (Cp1252 actually) to copy filtered resources, i.e. build is platform dependent!
2014-03-04 17:56:57,629 [Worker-90] INFO  o.e.m.c.i.embedder.EclipseLogger - Copying 0 resource
2014-03-04 17:57:02,490 [Worker-89] WARN  o.e.m.c.i.embedder.EclipseLogger - Using platform encoding (Cp1252 actually) to copy filtered resources, i.e. build is platform dependent!
2014-03-04 17:57:02,493 [Worker-89] INFO  o.e.m.c.i.embedder.EclipseLogger - Copying 2 resources
2014-03-04 17:57:02,495 [Worker-89] WARN  o.e.m.c.i.embedder.EclipseLogger - Using platform encoding (Cp1252 actually) to copy filtered resources, i.e. build is platform dependent!
2014-03-04 17:57:02,496 [Worker-89] INFO  o.e.m.c.i.embedder.EclipseLogger - Copying 0 resource
2014-03-04 17:57:05,153 [Worker-87] WARN  o.e.m.c.i.embedder.EclipseLogger - Using platform encoding (Cp1252 actually) to copy filtered resources, i.e. build is platform dependent!
2014-03-04 17:57:05,157 [Worker-87] INFO  o.e.m.c.i.embedder.EclipseLogger - Copying 2 resources
2014-03-04 17:57:05,159 [Worker-87] WARN  o.e.m.c.i.embedder.EclipseLogger - Using platform encoding (Cp1252 actually) to copy filtered resources, i.e. build is platform dependent!
2014-03-04 17:57:05,160 [Worker-87] INFO  o.e.m.c.i.embedder.EclipseLogger - Copying 0 resource
2014-03-04 17:57:09,389 [Worker-87] INFO  o.e.m.i.launch.MavenLaunchDelegate - D:\LABS\JAVA_LABS\Hibernate\HibernateTest1
2014-03-04 17:57:09,389 [Worker-87] INFO  o.e.m.i.launch.MavenLaunchDelegate -  mvn  -B -s C:\Users\prashantk\.m2\settings.xml clean
2014-03-04 17:57:10,828 [Worker-89] WARN  o.e.m.c.i.embedder.EclipseLogger - Using platform encoding (Cp1252 actually) to copy filtered resources, i.e. build is platform dependent!
2014-03-04 17:57:10,829 [Worker-89] INFO  o.e.m.c.i.embedder.EclipseLogger - Copying 2 resources
2014-03-04 17:57:10,833 [Worker-89] WARN  o.e.m.c.i.embedder.EclipseLogger - Using platform encoding (Cp1252 actually) to copy filtered resources, i.e. build is platform dependent!
2014-03-04 17:57:10,834 [Worker-89] INFO  o.e.m.c.i.embedder.EclipseLogger - Copying 0 resource
2014-03-04 17:57:16,160 [Worker-92] INFO  o.e.m.i.launch.MavenLaunchDelegate - D:\LABS\JAVA_LABS\Hibernate\HibernateTest1
2014-03-04 17:57:16,161 [Worker-92] INFO  o.e.m.i.launch.MavenLaunchDelegate -  mvn  -B -s C:\Users\prashantk\.m2\settings.xml install
2014-03-04 17:57:19,149 [Worker-93] WARN  o.e.m.c.i.embedder.EclipseLogger - Using platform encoding (Cp1252 actually) to copy filtered resources, i.e. build is platform dependent!
2014-03-04 17:57:19,151 [Worker-93] INFO  o.e.m.c.i.embedder.EclipseLogger - Copying 2 resources
2014-03-04 17:57:19,153 [Worker-93] WARN  o.e.m.c.i.embedder.EclipseLogger - Using platform encoding (Cp1252 actually) to copy filtered resources, i.e. build is platform dependent!
2014-03-04 17:57:19,154 [Worker-93] INFO  o.e.m.c.i.embedder.EclipseLogger - Copying 0 resource
2014-03-04 17:57:53,162 [Worker-87] ERROR o.e.m.c.i.p.r.ProjectRegistryManager - Could not read pom.xml
org.eclipse.core.runtime.CoreException: Could not read pom.xml
	at org.eclipse.m2e.core.internal.embedder.MavenImpl.readModel(MavenImpl.java:532) ~[org.eclipse.m2e.core_1.3.1.20130219-1424.jar:na]
	at org.eclipse.m2e.core.internal.embedder.MavenImpl.readModel(MavenImpl.java:541) ~[org.eclipse.m2e.core_1.3.1.20130219-1424.jar:na]
	at org.eclipse.m2e.core.internal.project.registry.ProjectRegistryManager.refresh(ProjectRegistryManager.java:477) [org.eclipse.m2e.core_1.3.1.20130219-1424.jar:na]
	at org.eclipse.m2e.core.internal.project.registry.ProjectRegistryManager.refresh(ProjectRegistryManager.java:326) [org.eclipse.m2e.core_1.3.1.20130219-1424.jar:na]
	at org.eclipse.m2e.core.internal.project.registry.ProjectRegistryManager.refresh(ProjectRegistryManager.java:277) [org.eclipse.m2e.core_1.3.1.20130219-1424.jar:na]
	at org.eclipse.m2e.core.internal.project.registry.MavenProjectManager.refresh(MavenProjectManager.java:58) [org.eclipse.m2e.core_1.3.1.20130219-1424.jar:na]
	at org.eclipse.m2e.core.internal.builder.MavenBuilder.build(MavenBuilder.java:87) [org.eclipse.m2e.core_1.3.1.20130219-1424.jar:na]
	at org.eclipse.core.internal.events.BuildManager$2.run(BuildManager.java:726) [org.eclipse.core.resources_3.8.1.v20121114-124432.jar:na]
	at org.eclipse.core.runtime.SafeRunner.run(SafeRunner.java:42) [org.eclipse.equinox.common_3.6.100.v20120522-1841.jar:na]
	at org.eclipse.core.internal.events.BuildManager.basicBuild(BuildManager.java:199) [org.eclipse.core.resources_3.8.1.v20121114-124432.jar:na]
	at org.eclipse.core.internal.events.BuildManager.basicBuild(BuildManager.java:239) [org.eclipse.core.resources_3.8.1.v20121114-124432.jar:na]
	at org.eclipse.core.internal.events.BuildManager$1.run(BuildManager.java:292) [org.eclipse.core.resources_3.8.1.v20121114-124432.jar:na]
	at org.eclipse.core.runtime.SafeRunner.run(SafeRunner.java:42) [org.eclipse.equinox.common_3.6.100.v20120522-1841.jar:na]
	at org.eclipse.core.internal.events.BuildManager.basicBuild(BuildManager.java:295) [org.eclipse.core.resources_3.8.1.v20121114-124432.jar:na]
	at org.eclipse.core.internal.events.BuildManager.basicBuildLoop(BuildManager.java:351) [org.eclipse.core.resources_3.8.1.v20121114-124432.jar:na]
	at org.eclipse.core.internal.events.BuildManager.build(BuildManager.java:374) [org.eclipse.core.resources_3.8.1.v20121114-124432.jar:na]
	at org.eclipse.core.internal.events.AutoBuildJob.doBuild(AutoBuildJob.java:143) [org.eclipse.core.resources_3.8.1.v20121114-124432.jar:na]
	at org.eclipse.core.internal.events.AutoBuildJob.run(AutoBuildJob.java:241) [org.eclipse.core.resources_3.8.1.v20121114-124432.jar:na]
	at org.eclipse.core.internal.jobs.Worker.run(Worker.java:54) [org.eclipse.core.jobs_3.5.200.v20120521-2346.jar:na]
Caused by: org.apache.maven.model.io.ModelParseException: expected START_TAG or END_TAG not TEXT (position: TEXT seen ...</dependency>\r\n            dependency>\r\n        <g... @22:11) 
	at org.apache.maven.model.io.DefaultModelReader.read(DefaultModelReader.java:127) ~[maven-model-builder-3.0.4.jar:3.0.4]
	at org.apache.maven.model.io.DefaultModelReader.read(DefaultModelReader.java:91) ~[maven-model-builder-3.0.4.jar:3.0.4]
	at org.eclipse.m2e.core.internal.embedder.MavenImpl.readModel(MavenImpl.java:530) ~[org.eclipse.m2e.core_1.3.1.20130219-1424.jar:na]
	... 18 common frames omitted
Caused by: org.codehaus.plexus.util.xml.pull.XmlPullParserException: expected START_TAG or END_TAG not TEXT (position: TEXT seen ...</dependency>\r\n            dependency>\r\n        <g... @22:11) 
	at org.codehaus.plexus.util.xml.pull.MXParser.nextTag(MXParser.java:1095) ~[plexus-utils-2.0.6.jar:na]
	at org.apache.maven.model.io.xpp3.MavenXpp3Reader.parseModel(MavenXpp3Reader.java:2410) ~[maven-model-3.0.4.jar:3.0.4]
	at org.apache.maven.model.io.xpp3.MavenXpp3Reader.read(MavenXpp3Reader.java:4088) ~[maven-model-3.0.4.jar:3.0.4]
	at org.apache.maven.model.io.xpp3.MavenXpp3Reader.read(MavenXpp3Reader.java:4021) ~[maven-model-3.0.4.jar:3.0.4]
	at org.apache.maven.model.io.DefaultModelReader.read(DefaultModelReader.java:122) ~[maven-model-builder-3.0.4.jar:3.0.4]
	... 20 common frames omitted
2014-03-04 17:57:54,496 [Worker-88] ERROR o.e.m.c.i.p.r.ProjectRegistryManager - Could not read pom.xml
org.eclipse.core.runtime.CoreException: Could not read pom.xml
	at org.eclipse.m2e.core.internal.embedder.MavenImpl.readModel(MavenImpl.java:532) ~[org.eclipse.m2e.core_1.3.1.20130219-1424.jar:na]
	at org.eclipse.m2e.core.internal.embedder.MavenImpl.readModel(MavenImpl.java:541) ~[org.eclipse.m2e.core_1.3.1.20130219-1424.jar:na]
	at org.eclipse.m2e.core.internal.project.registry.ProjectRegistryManager.refresh(ProjectRegistryManager.java:477) [org.eclipse.m2e.core_1.3.1.20130219-1424.jar:na]
	at org.eclipse.m2e.core.internal.project.registry.ProjectRegistryManager.refresh(ProjectRegistryManager.java:326) [org.eclipse.m2e.core_1.3.1.20130219-1424.jar:na]
	at org.eclipse.m2e.core.internal.project.registry.ProjectRegistryManager.refresh(ProjectRegistryManager.java:277) [org.eclipse.m2e.core_1.3.1.20130219-1424.jar:na]
	at org.eclipse.m2e.core.internal.project.registry.MavenProjectManager.refresh(MavenProjectManager.java:58) [org.eclipse.m2e.core_1.3.1.20130219-1424.jar:na]
	at org.eclipse.m2e.core.internal.builder.MavenBuilder.build(MavenBuilder.java:87) [org.eclipse.m2e.core_1.3.1.20130219-1424.jar:na]
	at org.eclipse.core.internal.events.BuildManager$2.run(BuildManager.java:726) [org.eclipse.core.resources_3.8.1.v20121114-124432.jar:na]
	at org.eclipse.core.runtime.SafeRunner.run(SafeRunner.java:42) [org.eclipse.equinox.common_3.6.100.v20120522-1841.jar:na]
	at org.eclipse.core.internal.events.BuildManager.basicBuild(BuildManager.java:199) [org.eclipse.core.resources_3.8.1.v20121114-124432.jar:na]
	at org.eclipse.core.internal.events.BuildManager.basicBuild(BuildManager.java:239) [org.eclipse.core.resources_3.8.1.v20121114-124432.jar:na]
	at org.eclipse.core.internal.events.BuildManager$1.run(BuildManager.java:292) [org.eclipse.core.resources_3.8.1.v20121114-124432.jar:na]
	at org.eclipse.core.runtime.SafeRunner.run(SafeRunner.java:42) [org.eclipse.equinox.common_3.6.100.v20120522-1841.jar:na]
	at org.eclipse.core.internal.events.BuildManager.basicBuild(BuildManager.java:295) [org.eclipse.core.resources_3.8.1.v20121114-124432.jar:na]
	at org.eclipse.core.internal.events.BuildManager.basicBuildLoop(BuildManager.java:351) [org.eclipse.core.resources_3.8.1.v20121114-124432.jar:na]
	at org.eclipse.core.internal.events.BuildManager.build(BuildManager.java:374) [org.eclipse.core.resources_3.8.1.v20121114-124432.jar:na]
	at org.eclipse.core.internal.events.AutoBuildJob.doBuild(AutoBuildJob.java:143) [org.eclipse.core.resources_3.8.1.v20121114-124432.jar:na]
	at org.eclipse.core.internal.events.AutoBuildJob.run(AutoBuildJob.java:241) [org.eclipse.core.resources_3.8.1.v20121114-124432.jar:na]
	at org.eclipse.core.internal.jobs.Worker.run(Worker.java:54) [org.eclipse.core.jobs_3.5.200.v20120521-2346.jar:na]
Caused by: org.apache.maven.model.io.ModelParseException: expected START_TAG or END_TAG not TEXT (position: TEXT seen ...</dependency>\r\n            dependency>\r\n        <g... @22:11) 
	at org.apache.maven.model.io.DefaultModelReader.read(DefaultModelReader.java:127) ~[maven-model-builder-3.0.4.jar:3.0.4]
	at org.apache.maven.model.io.DefaultModelReader.read(DefaultModelReader.java:91) ~[maven-model-builder-3.0.4.jar:3.0.4]
	at org.eclipse.m2e.core.internal.embedder.MavenImpl.readModel(MavenImpl.java:530) ~[org.eclipse.m2e.core_1.3.1.20130219-1424.jar:na]
	... 18 common frames omitted
Caused by: org.codehaus.plexus.util.xml.pull.XmlPullParserException: expected START_TAG or END_TAG not TEXT (position: TEXT seen ...</dependency>\r\n            dependency>\r\n        <g... @22:11) 
	at org.codehaus.plexus.util.xml.pull.MXParser.nextTag(MXParser.java:1095) ~[plexus-utils-2.0.6.jar:na]
	at org.apache.maven.model.io.xpp3.MavenXpp3Reader.parseModel(MavenXpp3Reader.java:2410) ~[maven-model-3.0.4.jar:3.0.4]
	at org.apache.maven.model.io.xpp3.MavenXpp3Reader.read(MavenXpp3Reader.java:4088) ~[maven-model-3.0.4.jar:3.0.4]
	at org.apache.maven.model.io.xpp3.MavenXpp3Reader.read(MavenXpp3Reader.java:4021) ~[maven-model-3.0.4.jar:3.0.4]
	at org.apache.maven.model.io.DefaultModelReader.read(DefaultModelReader.java:122) ~[maven-model-builder-3.0.4.jar:3.0.4]
	... 20 common frames omitted
2014-03-04 17:57:55,433 [Worker-92] INFO  c.n.h.c.p.n.NettyAsyncHttpProvider - Number of application's worked threads is 8
2014-03-04 17:57:55,672 [Worker-77] INFO  o.e.m.c.i.l.LifecycleMappingFactory - Using org.eclipse.m2e.jdt.JarLifecycleMapping lifecycle mapping for MavenProject: Hibernate:HibernateTest1:0.0.1-SNAPSHOT @ D:\LABS\JAVA_LABS\Hibernate\HibernateTest1\pom.xml.
2014-03-04 17:57:55,681 [Worker-77] INFO  c.n.h.c.p.n.NettyAsyncHttpProvider - Number of application's worked threads is 8
2014-03-04 17:57:56,038 [New I/O client worker #3-1] INFO  o.e.m.c.i.e.AbstractTransferListenerAdapter - Downloading http://nexus.ironmountain.com:8081/nexus/content/groups/public/org/slf4j/slf4j-log4j12/1.5.2/slf4j-log4j12-1.5.2.pom
2014-03-04 17:57:56,039 [New I/O client worker #3-1] INFO  o.e.m.c.i.e.AbstractTransferListenerAdapter - Downloaded http://nexus.ironmountain.com:8081/nexus/content/groups/public/org/slf4j/slf4j-log4j12/1.5.2/slf4j-log4j12-1.5.2.pom
2014-03-04 17:57:56,248 [New I/O client worker #4-1] INFO  o.e.m.c.i.e.AbstractTransferListenerAdapter - Downloading http://nexus.ironmountain.com:8081/nexus/content/groups/public/org/slf4j/slf4j-log4j12/1.5.2/slf4j-log4j12-1.5.2.pom
2014-03-04 17:57:56,250 [New I/O client worker #4-1] INFO  o.e.m.c.i.e.AbstractTransferListenerAdapter - Downloaded http://nexus.ironmountain.com:8081/nexus/content/groups/public/org/slf4j/slf4j-log4j12/1.5.2/slf4j-log4j12-1.5.2.pom
2014-03-04 17:57:56,409 [Worker-92] INFO  c.n.h.c.p.n.NettyAsyncHttpProvider - Number of application's worked threads is 8
2014-03-04 17:57:56,643 [Worker-77] INFO  c.n.h.c.p.n.NettyAsyncHttpProvider - Number of application's worked threads is 8
2014-03-04 17:57:57,108 [New I/O client worker #5-1] INFO  o.e.m.c.i.e.AbstractTransferListenerAdapter - Downloading http://nexus.ironmountain.com:8081/nexus/content/groups/public/org/slf4j/slf4j-log4j12/1.5.2/slf4j-log4j12-1.5.2.jar
2014-03-04 17:57:57,211 [New I/O client worker #6-1] INFO  o.e.m.c.i.e.AbstractTransferListenerAdapter - Downloading http://nexus.ironmountain.com:8081/nexus/content/groups/public/org/slf4j/slf4j-log4j12/1.5.2/slf4j-log4j12-1.5.2.jar
2014-03-04 17:57:57,691 [New I/O client worker #5-1] INFO  o.e.m.c.i.e.AbstractTransferListenerAdapter - Downloaded http://nexus.ironmountain.com:8081/nexus/content/groups/public/org/slf4j/slf4j-log4j12/1.5.2/slf4j-log4j12-1.5.2.jar
2014-03-04 17:57:59,291 [New I/O client worker #6-1] INFO  o.e.m.c.i.e.AbstractTransferListenerAdapter - Downloaded http://nexus.ironmountain.com:8081/nexus/content/groups/public/org/slf4j/slf4j-log4j12/1.5.2/slf4j-log4j12-1.5.2.jar
2014-03-04 17:57:59,848 [Worker-77] WARN  o.e.m.c.i.embedder.EclipseLogger - Using platform encoding (Cp1252 actually) to copy filtered resources, i.e. build is platform dependent!
2014-03-04 17:57:59,852 [Worker-77] INFO  o.e.m.c.i.embedder.EclipseLogger - Copying 0 resource
2014-03-04 17:57:59,853 [Worker-77] WARN  o.e.m.c.i.embedder.EclipseLogger - Using platform encoding (Cp1252 actually) to copy filtered resources, i.e. build is platform dependent!
2014-03-04 17:57:59,854 [Worker-77] INFO  o.e.m.c.i.embedder.EclipseLogger - Copying 0 resource
2014-03-04 17:58:01,453 [Worker-93] INFO  o.e.m.c.i.l.LifecycleMappingFactory - Using org.eclipse.m2e.jdt.JarLifecycleMapping lifecycle mapping for MavenProject: Hibernate:HibernateTest1:0.0.1-SNAPSHOT @ D:\LABS\JAVA_LABS\Hibernate\HibernateTest1\pom.xml.
2014-03-04 17:58:01,623 [Worker-93] WARN  o.e.m.c.i.embedder.EclipseLogger - Using platform encoding (Cp1252 actually) to copy filtered resources, i.e. build is platform dependent!
2014-03-04 17:58:01,625 [Worker-93] INFO  o.e.m.c.i.embedder.EclipseLogger - Copying 2 resources
2014-03-04 17:58:01,628 [Worker-93] WARN  o.e.m.c.i.embedder.EclipseLogger - Using platform encoding (Cp1252 actually) to copy filtered resources, i.e. build is platform dependent!
2014-03-04 17:58:01,628 [Worker-93] INFO  o.e.m.c.i.embedder.EclipseLogger - Copying 0 resource
2014-03-04 17:58:06,622 [Worker-89] INFO  o.e.m.i.launch.MavenLaunchDelegate - D:\LABS\JAVA_LABS\Hibernate\HibernateTest1
2014-03-04 17:58:06,622 [Worker-89] INFO  o.e.m.i.launch.MavenLaunchDelegate -  mvn  -B -s C:\Users\prashantk\.m2\settings.xml clean
2014-03-04 17:58:08,033 [Worker-95] WARN  o.e.m.c.i.embedder.EclipseLogger - Using platform encoding (Cp1252 actually) to copy filtered resources, i.e. build is platform dependent!
2014-03-04 17:58:08,036 [Worker-95] INFO  o.e.m.c.i.embedder.EclipseLogger - Copying 2 resources
2014-03-04 17:58:08,040 [Worker-95] WARN  o.e.m.c.i.embedder.EclipseLogger - Using platform encoding (Cp1252 actually) to copy filtered resources, i.e. build is platform dependent!
2014-03-04 17:58:08,041 [Worker-95] INFO  o.e.m.c.i.embedder.EclipseLogger - Copying 0 resource
2014-03-04 17:58:13,173 [Worker-77] INFO  o.e.m.i.launch.MavenLaunchDelegate - D:\LABS\JAVA_LABS\Hibernate\HibernateTest1
2014-03-04 17:58:13,174 [Worker-77] INFO  o.e.m.i.launch.MavenLaunchDelegate -  mvn  -B -s C:\Users\prashantk\.m2\settings.xml install
2014-03-04 17:58:16,134 [Worker-77] WARN  o.e.m.c.i.embedder.EclipseLogger - Using platform encoding (Cp1252 actually) to copy filtered resources, i.e. build is platform dependent!
2014-03-04 17:58:16,136 [Worker-77] INFO  o.e.m.c.i.embedder.EclipseLogger - Copying 2 resources
2014-03-04 17:58:16,138 [Worker-77] WARN  o.e.m.c.i.embedder.EclipseLogger - Using platform encoding (Cp1252 actually) to copy filtered resources, i.e. build is platform dependent!
2014-03-04 17:58:16,138 [Worker-77] INFO  o.e.m.c.i.embedder.EclipseLogger - Copying 0 resource
2014-03-04 17:59:05,429 [Worker-77] WARN  o.e.m.c.i.embedder.EclipseLogger - Using platform encoding (Cp1252 actually) to copy filtered resources, i.e. build is platform dependent!
2014-03-04 17:59:05,433 [Worker-77] INFO  o.e.m.c.i.embedder.EclipseLogger - Copying 2 resources
2014-03-04 17:59:05,436 [Worker-77] WARN  o.e.m.c.i.embedder.EclipseLogger - Using platform encoding (Cp1252 actually) to copy filtered resources, i.e. build is platform dependent!
2014-03-04 17:59:05,437 [Worker-77] INFO  o.e.m.c.i.embedder.EclipseLogger - Copying 0 resource
2014-03-04 17:59:06,494 [Worker-89] WARN  o.e.m.c.i.embedder.EclipseLogger - Using platform encoding (Cp1252 actually) to copy filtered resources, i.e. build is platform dependent!
2014-03-04 17:59:06,496 [Worker-89] INFO  o.e.m.c.i.embedder.EclipseLogger - Copying 2 resources
2014-03-04 17:59:06,498 [Worker-89] WARN  o.e.m.c.i.embedder.EclipseLogger - Using platform encoding (Cp1252 actually) to copy filtered resources, i.e. build is platform dependent!
2014-03-04 17:59:06,499 [Worker-89] INFO  o.e.m.c.i.embedder.EclipseLogger - Copying 0 resource
2014-03-04 18:00:47,699 [Worker-95] WARN  o.e.m.c.i.embedder.EclipseLogger - Using platform encoding (Cp1252 actually) to copy filtered resources, i.e. build is platform dependent!
2014-03-04 18:00:47,703 [Worker-95] INFO  o.e.m.c.i.embedder.EclipseLogger - Copying 1 resource
2014-03-04 18:00:47,706 [Worker-95] WARN  o.e.m.c.i.embedder.EclipseLogger - Using platform encoding (Cp1252 actually) to copy filtered resources, i.e. build is platform dependent!
2014-03-04 18:00:47,707 [Worker-95] INFO  o.e.m.c.i.embedder.EclipseLogger - Copying 0 resource
2014-03-04 18:01:27,581 [Worker-77] WARN  o.e.m.c.i.embedder.EclipseLogger - Using platform encoding (Cp1252 actually) to copy filtered resources, i.e. build is platform dependent!
2014-03-04 18:01:27,584 [Worker-77] INFO  o.e.m.c.i.embedder.EclipseLogger - Copying 1 resource
2014-03-04 18:01:27,588 [Worker-77] WARN  o.e.m.c.i.embedder.EclipseLogger - Using platform encoding (Cp1252 actually) to copy filtered resources, i.e. build is platform dependent!
2014-03-04 18:01:27,589 [Worker-77] INFO  o.e.m.c.i.embedder.EclipseLogger - Copying 0 resource
2014-03-04 18:03:00,753 [Worker-99] WARN  o.e.m.c.i.embedder.EclipseLogger - Using platform encoding (Cp1252 actually) to copy filtered resources, i.e. build is platform dependent!
2014-03-04 18:03:00,757 [Worker-99] INFO  o.e.m.c.i.embedder.EclipseLogger - Copying 1 resource
2014-03-04 18:03:00,759 [Worker-99] WARN  o.e.m.c.i.embedder.EclipseLogger - Using platform encoding (Cp1252 actually) to copy filtered resources, i.e. build is platform dependent!
2014-03-04 18:03:00,763 [Worker-99] INFO  o.e.m.c.i.embedder.EclipseLogger - Copying 0 resource
2014-03-04 18:03:49,198 [Worker-86] WARN  o.e.m.c.i.embedder.EclipseLogger - Using platform encoding (Cp1252 actually) to copy filtered resources, i.e. build is platform dependent!
2014-03-04 18:03:49,202 [Worker-86] INFO  o.e.m.c.i.embedder.EclipseLogger - Copying 1 resource
2014-03-04 18:03:49,205 [Worker-86] WARN  o.e.m.c.i.embedder.EclipseLogger - Using platform encoding (Cp1252 actually) to copy filtered resources, i.e. build is platform dependent!
2014-03-04 18:03:49,206 [Worker-86] INFO  o.e.m.c.i.embedder.EclipseLogger - Copying 0 resource
2014-03-04 18:05:22,731 [Worker-77] WARN  o.e.m.c.i.embedder.EclipseLogger - Using platform encoding (Cp1252 actually) to copy filtered resources, i.e. build is platform dependent!
2014-03-04 18:05:22,732 [Worker-77] INFO  o.e.m.c.i.embedder.EclipseLogger - Copying 1 resource
2014-03-04 18:05:22,736 [Worker-77] WARN  o.e.m.c.i.embedder.EclipseLogger - Using platform encoding (Cp1252 actually) to copy filtered resources, i.e. build is platform dependent!
2014-03-04 18:05:22,738 [Worker-77] INFO  o.e.m.c.i.embedder.EclipseLogger - Copying 0 resource
2014-03-04 18:05:35,788 [Worker-106] WARN  o.e.m.c.i.embedder.EclipseLogger - Using platform encoding (Cp1252 actually) to copy filtered resources, i.e. build is platform dependent!
2014-03-04 18:05:35,791 [Worker-106] INFO  o.e.m.c.i.embedder.EclipseLogger - Copying 1 resource
2014-03-04 18:05:35,794 [Worker-106] WARN  o.e.m.c.i.embedder.EclipseLogger - Using platform encoding (Cp1252 actually) to copy filtered resources, i.e. build is platform dependent!
2014-03-04 18:05:35,794 [Worker-106] INFO  o.e.m.c.i.embedder.EclipseLogger - Copying 0 resource
2014-03-04 18:06:01,880 [Worker-106] WARN  o.e.m.c.i.embedder.EclipseLogger - Using platform encoding (Cp1252 actually) to copy filtered resources, i.e. build is platform dependent!
2014-03-04 18:06:01,883 [Worker-106] INFO  o.e.m.c.i.embedder.EclipseLogger - Copying 0 resource
2014-03-04 18:06:01,886 [Worker-106] WARN  o.e.m.c.i.embedder.EclipseLogger - Using platform encoding (Cp1252 actually) to copy filtered resources, i.e. build is platform dependent!
2014-03-04 18:06:01,887 [Worker-106] INFO  o.e.m.c.i.embedder.EclipseLogger - Copying 0 resource
2014-03-04 18:06:56,725 [Worker-77] INFO  o.e.m.c.i.l.LifecycleMappingFactory - Using org.eclipse.m2e.jdt.JarLifecycleMapping lifecycle mapping for MavenProject: Hibernate:HibernateTest1:0.0.1-SNAPSHOT @ D:\LABS\JAVA_LABS\Hibernate\HibernateTest1\pom.xml.
2014-03-04 18:06:56,742 [Worker-77] INFO  c.n.h.c.p.n.NettyAsyncHttpProvider - Number of application's worked threads is 8
2014-03-04 18:06:58,008 [New I/O client worker #7-1] INFO  o.e.m.c.i.e.AbstractTransferListenerAdapter - Downloading http://nexus.ironmountain.com:8081/nexus/content/groups/public/javassist/javassist/3.12.1.GA/javassist-3.12.1.GA.pom
2014-03-04 18:06:58,010 [New I/O client worker #7-1] INFO  o.e.m.c.i.e.AbstractTransferListenerAdapter - Downloaded http://nexus.ironmountain.com:8081/nexus/content/groups/public/javassist/javassist/3.12.1.GA/javassist-3.12.1.GA.pom
2014-03-04 18:06:58,396 [Worker-77] INFO  c.n.h.c.p.n.NettyAsyncHttpProvider - Number of application's worked threads is 8
2014-03-04 18:06:58,999 [New I/O client worker #8-1] INFO  o.e.m.c.i.e.AbstractTransferListenerAdapter - Downloading http://nexus.ironmountain.com:8081/nexus/content/groups/public/javassist/javassist/3.12.1.GA/javassist-3.12.1.GA.jar
2014-03-04 18:07:13,169 [New I/O client worker #8-1] INFO  o.e.m.c.i.e.AbstractTransferListenerAdapter - Downloaded http://nexus.ironmountain.com:8081/nexus/content/groups/public/javassist/javassist/3.12.1.GA/javassist-3.12.1.GA.jar
2014-03-04 18:07:13,950 [Worker-77] WARN  o.e.m.c.i.embedder.EclipseLogger - Using platform encoding (Cp1252 actually) to copy filtered resources, i.e. build is platform dependent!
2014-03-04 18:07:13,952 [Worker-77] INFO  o.e.m.c.i.embedder.EclipseLogger - Copying 0 resource
2014-03-04 18:07:13,953 [Worker-77] WARN  o.e.m.c.i.embedder.EclipseLogger - Using platform encoding (Cp1252 actually) to copy filtered resources, i.e. build is platform dependent!
2014-03-04 18:07:13,954 [Worker-77] INFO  o.e.m.c.i.embedder.EclipseLogger - Copying 0 resource
2014-03-04 18:07:15,146 [Worker-103] WARN  o.e.m.c.i.embedder.EclipseLogger - Using platform encoding (Cp1252 actually) to copy filtered resources, i.e. build is platform dependent!
2014-03-04 18:07:15,147 [Worker-103] INFO  o.e.m.c.i.embedder.EclipseLogger - Copying 3 resources
2014-03-04 18:07:15,151 [Worker-103] WARN  o.e.m.c.i.embedder.EclipseLogger - Using platform encoding (Cp1252 actually) to copy filtered resources, i.e. build is platform dependent!
2014-03-04 18:07:15,151 [Worker-103] INFO  o.e.m.c.i.embedder.EclipseLogger - Copying 0 resource
2014-03-04 18:07:22,257 [Worker-110] INFO  o.e.m.i.launch.MavenLaunchDelegate - D:\LABS\JAVA_LABS\Hibernate\HibernateTest1
2014-03-04 18:07:22,258 [Worker-110] INFO  o.e.m.i.launch.MavenLaunchDelegate -  mvn  -B -s C:\Users\prashantk\.m2\settings.xml install
2014-03-04 18:07:24,909 [Worker-105] WARN  o.e.m.c.i.embedder.EclipseLogger - Using platform encoding (Cp1252 actually) to copy filtered resources, i.e. build is platform dependent!
2014-03-04 18:07:24,912 [Worker-105] INFO  o.e.m.c.i.embedder.EclipseLogger - Copying 0 resource
2014-03-04 18:07:24,913 [Worker-105] WARN  o.e.m.c.i.embedder.EclipseLogger - Using platform encoding (Cp1252 actually) to copy filtered resources, i.e. build is platform dependent!
2014-03-04 18:07:24,914 [Worker-105] INFO  o.e.m.c.i.embedder.EclipseLogger - Copying 0 resource
2014-03-04 18:07:28,299 [Worker-109] INFO  o.e.m.i.launch.MavenLaunchDelegate - D:\LABS\JAVA_LABS\Hibernate\HibernateTest1
2014-03-04 18:07:28,299 [Worker-109] INFO  o.e.m.i.launch.MavenLaunchDelegate -  mvn  -B -s C:\Users\prashantk\.m2\settings.xml clean
2014-03-04 18:07:29,735 [Worker-103] WARN  o.e.m.c.i.embedder.EclipseLogger - Using platform encoding (Cp1252 actually) to copy filtered resources, i.e. build is platform dependent!
2014-03-04 18:07:29,737 [Worker-103] INFO  o.e.m.c.i.embedder.EclipseLogger - Copying 3 resources
2014-03-04 18:07:29,744 [Worker-103] WARN  o.e.m.c.i.embedder.EclipseLogger - Using platform encoding (Cp1252 actually) to copy filtered resources, i.e. build is platform dependent!
2014-03-04 18:07:29,745 [Worker-103] INFO  o.e.m.c.i.embedder.EclipseLogger - Copying 0 resource
2014-03-04 18:07:31,522 [Worker-108] INFO  o.e.m.i.launch.MavenLaunchDelegate - D:\LABS\JAVA_LABS\Hibernate\HibernateTest1
2014-03-04 18:07:31,523 [Worker-108] INFO  o.e.m.i.launch.MavenLaunchDelegate -  mvn  -B -s C:\Users\prashantk\.m2\settings.xml install
2014-03-04 18:07:35,013 [Worker-105] WARN  o.e.m.c.i.embedder.EclipseLogger - Using platform encoding (Cp1252 actually) to copy filtered resources, i.e. build is platform dependent!
2014-03-04 18:07:35,015 [Worker-105] INFO  o.e.m.c.i.embedder.EclipseLogger - Copying 3 resources
2014-03-04 18:07:35,017 [Worker-105] WARN  o.e.m.c.i.embedder.EclipseLogger - Using platform encoding (Cp1252 actually) to copy filtered resources, i.e. build is platform dependent!
2014-03-04 18:07:35,017 [Worker-105] INFO  o.e.m.c.i.embedder.EclipseLogger - Copying 0 resource
2014-03-04 18:11:08,037 [Worker-77] WARN  o.e.m.c.i.embedder.EclipseLogger - Using platform encoding (Cp1252 actually) to copy filtered resources, i.e. build is platform dependent!
2014-03-04 18:11:08,038 [Worker-77] INFO  o.e.m.c.i.embedder.EclipseLogger - Copying 1 resource
2014-03-04 18:11:08,040 [Worker-77] WARN  o.e.m.c.i.embedder.EclipseLogger - Using platform encoding (Cp1252 actually) to copy filtered resources, i.e. build is platform dependent!
2014-03-04 18:11:08,043 [Worker-77] INFO  o.e.m.c.i.embedder.EclipseLogger - Copying 0 resource
2014-03-04 18:13:20,700 [Worker-101] WARN  o.e.m.c.i.embedder.EclipseLogger - Using platform encoding (Cp1252 actually) to copy filtered resources, i.e. build is platform dependent!
2014-03-04 18:13:20,705 [Worker-101] INFO  o.e.m.c.i.embedder.EclipseLogger - Copying 3 resources
2014-03-04 18:13:20,707 [Worker-101] WARN  o.e.m.c.i.embedder.EclipseLogger - Using platform encoding (Cp1252 actually) to copy filtered resources, i.e. build is platform dependent!
2014-03-04 18:13:20,707 [Worker-101] INFO  o.e.m.c.i.embedder.EclipseLogger - Copying 0 resource
2014-03-04 18:13:33,082 [Worker-113] WARN  o.e.m.c.i.embedder.EclipseLogger - Using platform encoding (Cp1252 actually) to copy filtered resources, i.e. build is platform dependent!
2014-03-04 18:13:33,086 [Worker-113] INFO  o.e.m.c.i.embedder.EclipseLogger - Copying 3 resources
2014-03-04 18:13:33,089 [Worker-113] WARN  o.e.m.c.i.embedder.EclipseLogger - Using platform encoding (Cp1252 actually) to copy filtered resources, i.e. build is platform dependent!
2014-03-04 18:13:33,090 [Worker-113] INFO  o.e.m.c.i.embedder.EclipseLogger - Copying 0 resource
2014-03-04 18:16:27,309 [Worker-113] WARN  o.e.m.c.i.embedder.EclipseLogger - Using platform encoding (Cp1252 actually) to copy filtered resources, i.e. build is platform dependent!
2014-03-04 18:16:27,310 [Worker-113] INFO  o.e.m.c.i.embedder.EclipseLogger - Copying 3 resources
2014-03-04 18:16:27,312 [Worker-113] WARN  o.e.m.c.i.embedder.EclipseLogger - Using platform encoding (Cp1252 actually) to copy filtered resources, i.e. build is platform dependent!
2014-03-04 18:16:27,313 [Worker-113] INFO  o.e.m.c.i.embedder.EclipseLogger - Copying 0 resource
2014-03-04 18:16:34,911 [Worker-123] WARN  o.e.m.c.i.embedder.EclipseLogger - Using platform encoding (Cp1252 actually) to copy filtered resources, i.e. build is platform dependent!
2014-03-04 18:16:34,915 [Worker-123] INFO  o.e.m.c.i.embedder.EclipseLogger - Copying 3 resources
2014-03-04 18:16:34,918 [Worker-123] WARN  o.e.m.c.i.embedder.EclipseLogger - Using platform encoding (Cp1252 actually) to copy filtered resources, i.e. build is platform dependent!
2014-03-04 18:16:34,919 [Worker-123] INFO  o.e.m.c.i.embedder.EclipseLogger - Copying 0 resource
2014-03-04 18:22:30,827 [Worker-126] WARN  o.e.m.c.i.embedder.EclipseLogger - Using platform encoding (Cp1252 actually) to copy filtered resources, i.e. build is platform dependent!
2014-03-04 18:22:30,828 [Worker-126] INFO  o.e.m.c.i.embedder.EclipseLogger - Copying 3 resources
2014-03-04 18:22:30,829 [Worker-126] WARN  o.e.m.c.i.embedder.EclipseLogger - Using platform encoding (Cp1252 actually) to copy filtered resources, i.e. build is platform dependent!
2014-03-04 18:22:30,830 [Worker-126] INFO  o.e.m.c.i.embedder.EclipseLogger - Copying 0 resource
2014-03-04 18:22:32,359 [Worker-127] WARN  o.e.m.c.i.embedder.EclipseLogger - Using platform encoding (Cp1252 actually) to copy filtered resources, i.e. build is platform dependent!
2014-03-04 18:22:32,360 [Worker-127] INFO  o.e.m.c.i.embedder.EclipseLogger - Copying 3 resources
2014-03-04 18:22:32,363 [Worker-127] WARN  o.e.m.c.i.embedder.EclipseLogger - Using platform encoding (Cp1252 actually) to copy filtered resources, i.e. build is platform dependent!
2014-03-04 18:22:32,365 [Worker-127] INFO  o.e.m.c.i.embedder.EclipseLogger - Copying 0 resource
2014-03-04 18:27:13,935 [Worker-132] WARN  o.e.m.c.i.embedder.EclipseLogger - Using platform encoding (Cp1252 actually) to copy filtered resources, i.e. build is platform dependent!
2014-03-04 18:27:13,937 [Worker-132] INFO  o.e.m.c.i.embedder.EclipseLogger - Copying 3 resources
2014-03-04 18:27:13,938 [Worker-132] WARN  o.e.m.c.i.embedder.EclipseLogger - Using platform encoding (Cp1252 actually) to copy filtered resources, i.e. build is platform dependent!
2014-03-04 18:27:13,939 [Worker-132] INFO  o.e.m.c.i.embedder.EclipseLogger - Copying 0 resource
2014-03-04 18:27:24,048 [Worker-135] WARN  o.e.m.c.i.embedder.EclipseLogger - Using platform encoding (Cp1252 actually) to copy filtered resources, i.e. build is platform dependent!
2014-03-04 18:27:24,050 [Worker-135] INFO  o.e.m.c.i.embedder.EclipseLogger - Copying 3 resources
2014-03-04 18:27:24,052 [Worker-135] WARN  o.e.m.c.i.embedder.EclipseLogger - Using platform encoding (Cp1252 actually) to copy filtered resources, i.e. build is platform dependent!
2014-03-04 18:27:24,053 [Worker-135] INFO  o.e.m.c.i.embedder.EclipseLogger - Copying 0 resource
2014-03-04 18:33:08,652 [Worker-139] WARN  o.e.m.c.i.embedder.EclipseLogger - Using platform encoding (Cp1252 actually) to copy filtered resources, i.e. build is platform dependent!
2014-03-04 18:33:08,655 [Worker-139] INFO  o.e.m.c.i.embedder.EclipseLogger - Copying 3 resources
2014-03-04 18:33:08,657 [Worker-139] WARN  o.e.m.c.i.embedder.EclipseLogger - Using platform encoding (Cp1252 actually) to copy filtered resources, i.e. build is platform dependent!
2014-03-04 18:33:08,657 [Worker-139] INFO  o.e.m.c.i.embedder.EclipseLogger - Copying 0 resource
2014-03-04 18:34:52,758 [Worker-139] WARN  o.e.m.c.i.embedder.EclipseLogger - Using platform encoding (Cp1252 actually) to copy filtered resources, i.e. build is platform dependent!
2014-03-04 18:34:52,761 [Worker-139] INFO  o.e.m.c.i.embedder.EclipseLogger - Copying 3 resources
2014-03-04 18:34:52,762 [Worker-139] WARN  o.e.m.c.i.embedder.EclipseLogger - Using platform encoding (Cp1252 actually) to copy filtered resources, i.e. build is platform dependent!
2014-03-04 18:34:52,763 [Worker-139] INFO  o.e.m.c.i.embedder.EclipseLogger - Copying 0 resource
2014-03-04 19:48:31,882 [Worker-167] INFO  c.n.h.c.p.n.NettyAsyncHttpProvider - Number of application's worked threads is 8
2014-03-04 19:48:32,531 [New I/O client worker #9-1] INFO  o.e.m.c.i.e.AbstractTransferListenerAdapter - Downloading http://nexus.ironmountain.com:8081/nexus/content/groups/public/org/hibernate/hibernate-annotations/3.4.0.GA/hibernate-annotations-3.4.0.GA-sources.jar
2014-03-04 19:48:34,926 [New I/O client worker #9-1] INFO  o.e.m.c.i.e.AbstractTransferListenerAdapter - Downloaded http://nexus.ironmountain.com:8081/nexus/content/groups/public/org/hibernate/hibernate-annotations/3.4.0.GA/hibernate-annotations-3.4.0.GA-sources.jar
2014-03-04 19:48:35,475 [Worker-167] INFO  o.e.m.j.internal.DownloadSourcesJob - Downloaded sources for org.hibernate:hibernate-annotations:3.4.0.GA
2014-03-04 19:48:35,668 [Worker-166] WARN  o.e.m.c.i.embedder.EclipseLogger - Using platform encoding (Cp1252 actually) to copy filtered resources, i.e. build is platform dependent!
2014-03-04 19:48:35,669 [Worker-166] INFO  o.e.m.c.i.embedder.EclipseLogger - Copying 0 resource
2014-03-04 19:48:35,670 [Worker-166] WARN  o.e.m.c.i.embedder.EclipseLogger - Using platform encoding (Cp1252 actually) to copy filtered resources, i.e. build is platform dependent!
2014-03-04 19:48:35,673 [Worker-166] INFO  o.e.m.c.i.embedder.EclipseLogger - Copying 0 resource
